{"/Users/emilyzhang/Desktop/ConnectedSpine/src/App.jsx": {"path":"/Users/emilyzhang/Desktop/ConnectedSpine/src/App.jsx","statementMap":{"0":{"start":{"line":14,"column":12},"end":{"line":53,"column":null}},"1":{"start":{"line":15,"column":48},"end":{"line":15,"column":null}},"2":{"start":{"line":16,"column":32},"end":{"line":16,"column":null}},"3":{"start":{"line":17,"column":48},"end":{"line":17,"column":null}},"4":{"start":{"line":18,"column":32},"end":{"line":18,"column":null}},"5":{"start":{"line":19,"column":36},"end":{"line":19,"column":null}},"6":{"start":{"line":20,"column":34},"end":{"line":20,"column":null}},"7":{"start":{"line":22,"column":24},"end":{"line":22,"column":null}},"8":{"start":{"line":23,"column":2},"end":{"line":23,"column":null}},"9":{"start":{"line":23,"column":13},"end":{"line":23,"column":null}},"10":{"start":{"line":24,"column":2},"end":{"line":24,"column":null}},"11":{"start":{"line":24,"column":26},"end":{"line":24,"column":null}},"12":{"start":{"line":25,"column":2},"end":{"line":25,"column":null}},"13":{"start":{"line":25,"column":13},"end":{"line":25,"column":null}},"14":{"start":{"line":27,"column":2},"end":{"line":51,"column":null}}},"fnMap":{"0":{"name":"(anonymous_0)","decl":{"start":{"line":14,"column":12},"end":{"line":14,"column":18}},"loc":{"start":{"line":14,"column":18},"end":{"line":53,"column":null}}}},"branchMap":{"0":{"loc":{"start":{"line":23,"column":2},"end":{"line":23,"column":null}},"type":"if","locations":[{"start":{"line":23,"column":2},"end":{"line":23,"column":null}},{"start":{"line":23,"column":2},"end":{"line":23,"column":null}}]},"1":{"loc":{"start":{"line":24,"column":2},"end":{"line":24,"column":null}},"type":"if","locations":[{"start":{"line":24,"column":2},"end":{"line":24,"column":null}},{"start":{"line":24,"column":2},"end":{"line":24,"column":null}}]},"2":{"loc":{"start":{"line":25,"column":2},"end":{"line":25,"column":null}},"type":"if","locations":[{"start":{"line":25,"column":2},"end":{"line":25,"column":null}},{"start":{"line":25,"column":2},"end":{"line":25,"column":null}}]},"3":{"loc":{"start":{"line":44,"column":7},"end":{"line":44,"column":null}},"type":"binary-expr","locations":[{"start":{"line":44,"column":7},"end":{"line":44,"column":37}},{"start":{"line":44,"column":37},"end":{"line":44,"column":null}}]},"4":{"loc":{"start":{"line":45,"column":7},"end":{"line":45,"column":null}},"type":"binary-expr","locations":[{"start":{"line":45,"column":7},"end":{"line":45,"column":40}},{"start":{"line":45,"column":40},"end":{"line":45,"column":null}}]},"5":{"loc":{"start":{"line":46,"column":7},"end":{"line":46,"column":null}},"type":"binary-expr","locations":[{"start":{"line":46,"column":7},"end":{"line":46,"column":38}},{"start":{"line":46,"column":38},"end":{"line":46,"column":null}}]},"6":{"loc":{"start":{"line":47,"column":7},"end":{"line":47,"column":null}},"type":"binary-expr","locations":[{"start":{"line":47,"column":7},"end":{"line":47,"column":39}},{"start":{"line":47,"column":39},"end":{"line":47,"column":null}}]},"7":{"loc":{"start":{"line":48,"column":7},"end":{"line":48,"column":null}},"type":"binary-expr","locations":[{"start":{"line":48,"column":7},"end":{"line":48,"column":40}},{"start":{"line":48,"column":40},"end":{"line":48,"column":null}}]},"8":{"loc":{"start":{"line":49,"column":7},"end":{"line":49,"column":null}},"type":"binary-expr","locations":[{"start":{"line":49,"column":7},"end":{"line":49,"column":42}},{"start":{"line":49,"column":42},"end":{"line":49,"column":null}}]},"9":{"loc":{"start":{"line":50,"column":7},"end":{"line":50,"column":null}},"type":"binary-expr","locations":[{"start":{"line":50,"column":7},"end":{"line":50,"column":39}},{"start":{"line":50,"column":39},"end":{"line":50,"column":null}}]}},"s":{"0":2,"1":2,"2":2,"3":2,"4":2,"5":2,"6":2,"7":2,"8":2,"9":0,"10":2,"11":0,"12":2,"13":0,"14":2},"f":{"0":2},"b":{"0":[0,2],"1":[0,2],"2":[0,2],"3":[2,2],"4":[2,0],"5":[2,0],"6":[2,0],"7":[2,0],"8":[2,0],"9":[2,0]}}
,"/Users/emilyzhang/Desktop/ConnectedSpine/src/buttonStyles.js": {"path":"/Users/emilyzhang/Desktop/ConnectedSpine/src/buttonStyles.js","statementMap":{"0":{"start":{"line":4,"column":25},"end":{"line":4,"column":57}},"1":{"start":{"line":5,"column":29},"end":{"line":5,"column":55}},"2":{"start":{"line":6,"column":25},"end":{"line":6,"column":56}},"3":{"start":{"line":9,"column":25},"end":{"line":9,"column":34}},"4":{"start":{"line":10,"column":28},"end":{"line":10,"column":37}},"5":{"start":{"line":11,"column":24},"end":{"line":11,"column":33}},"6":{"start":{"line":12,"column":26},"end":{"line":12,"column":35}},"7":{"start":{"line":15,"column":24},"end":{"line":15,"column":33}},"8":{"start":{"line":16,"column":29},"end":{"line":16,"column":55}},"9":{"start":{"line":17,"column":26},"end":{"line":17,"column":35}},"10":{"start":{"line":20,"column":24},"end":{"line":20,"column":33}},"11":{"start":{"line":21,"column":34},"end":{"line":21,"column":58}},"12":{"start":{"line":23,"column":26},"end":{"line":32,"column":1}},"13":{"start":{"line":26,"column":34},"end":{"line":26,"column":74}},"14":{"start":{"line":27,"column":23},"end":{"line":27,"column":57}},"15":{"start":{"line":28,"column":24},"end":{"line":28,"column":74}},"16":{"start":{"line":30,"column":24},"end":{"line":30,"column":61}},"17":{"start":{"line":34,"column":26},"end":{"line":50,"column":1}},"18":{"start":{"line":52,"column":28},"end":{"line":80,"column":1}},"19":{"start":{"line":59,"column":23},"end":{"line":59,"column":45}},"20":{"start":{"line":69,"column":4},"end":{"line":72,"column":5}},"21":{"start":{"line":74,"column":4},"end":{"line":74,"column":49}},"22":{"start":{"line":82,"column":27},"end":{"line":106,"column":1}},"23":{"start":{"line":98,"column":4},"end":{"line":105,"column":3}},"24":{"start":{"line":108,"column":25},"end":{"line":128,"column":1}}},"fnMap":{"0":{"name":"(anonymous_0)","decl":{"start":{"line":26,"column":22},"end":{"line":26,"column":23}},"loc":{"start":{"line":26,"column":34},"end":{"line":26,"column":74}}},"1":{"name":"(anonymous_1)","decl":{"start":{"line":27,"column":11},"end":{"line":27,"column":12}},"loc":{"start":{"line":27,"column":23},"end":{"line":27,"column":57}}},"2":{"name":"(anonymous_2)","decl":{"start":{"line":28,"column":12},"end":{"line":28,"column":13}},"loc":{"start":{"line":28,"column":24},"end":{"line":28,"column":74}}},"3":{"name":"(anonymous_3)","decl":{"start":{"line":30,"column":12},"end":{"line":30,"column":13}},"loc":{"start":{"line":30,"column":24},"end":{"line":30,"column":61}}},"4":{"name":"(anonymous_4)","decl":{"start":{"line":59,"column":12},"end":{"line":59,"column":13}},"loc":{"start":{"line":59,"column":23},"end":{"line":59,"column":45}}},"5":{"name":"(anonymous_5)","decl":{"start":{"line":68,"column":4},"end":{"line":68,"column":5}},"loc":{"start":{"line":69,"column":4},"end":{"line":72,"column":5}}},"6":{"name":"(anonymous_6)","decl":{"start":{"line":73,"column":22},"end":{"line":73,"column":23}},"loc":{"start":{"line":74,"column":4},"end":{"line":74,"column":49}}},"7":{"name":"(anonymous_7)","decl":{"start":{"line":97,"column":4},"end":{"line":97,"column":5}},"loc":{"start":{"line":98,"column":4},"end":{"line":105,"column":3}}}},"branchMap":{"0":{"loc":{"start":{"line":26,"column":34},"end":{"line":26,"column":74}},"type":"cond-expr","locations":[{"start":{"line":26,"column":50},"end":{"line":26,"column":59}},{"start":{"line":26,"column":62},"end":{"line":26,"column":74}}]},"1":{"loc":{"start":{"line":27,"column":23},"end":{"line":27,"column":57}},"type":"cond-expr","locations":[{"start":{"line":27,"column":39},"end":{"line":27,"column":46}},{"start":{"line":27,"column":49},"end":{"line":27,"column":57}}]},"2":{"loc":{"start":{"line":28,"column":24},"end":{"line":28,"column":74}},"type":"cond-expr","locations":[{"start":{"line":28,"column":40},"end":{"line":28,"column":46}},{"start":{"line":28,"column":49},"end":{"line":28,"column":74}}]},"3":{"loc":{"start":{"line":30,"column":24},"end":{"line":30,"column":61}},"type":"cond-expr","locations":[{"start":{"line":30,"column":40},"end":{"line":30,"column":49}},{"start":{"line":30,"column":52},"end":{"line":30,"column":61}}]},"4":{"loc":{"start":{"line":59,"column":23},"end":{"line":59,"column":45}},"type":"binary-expr","locations":[{"start":{"line":59,"column":23},"end":{"line":59,"column":35}},{"start":{"line":59,"column":39},"end":{"line":59,"column":45}}]},"5":{"loc":{"start":{"line":69,"column":4},"end":{"line":72,"column":5}},"type":"binary-expr","locations":[{"start":{"line":69,"column":4},"end":{"line":69,"column":18}},{"start":{"line":70,"column":4},"end":{"line":72,"column":5}}]},"6":{"loc":{"start":{"line":74,"column":4},"end":{"line":74,"column":49}},"type":"cond-expr","locations":[{"start":{"line":74,"column":21},"end":{"line":74,"column":39}},{"start":{"line":74,"column":42},"end":{"line":74,"column":49}}]},"7":{"loc":{"start":{"line":98,"column":4},"end":{"line":105,"column":3}},"type":"binary-expr","locations":[{"start":{"line":98,"column":4},"end":{"line":98,"column":15}},{"start":{"line":99,"column":4},"end":{"line":105,"column":3}}]}},"s":{"0":11,"1":11,"2":11,"3":11,"4":11,"5":11,"6":11,"7":11,"8":11,"9":11,"10":11,"11":11,"12":11,"13":2,"14":2,"15":2,"16":2,"17":11,"18":11,"19":0,"20":0,"21":0,"22":11,"23":1,"24":11},"f":{"0":2,"1":2,"2":2,"3":2,"4":0,"5":0,"6":0,"7":1},"b":{"0":[2,0],"1":[2,0],"2":[2,0],"3":[2,0],"4":[0,0],"5":[0,0],"6":[0,0],"7":[1,1]}}
,"/Users/emilyzhang/Desktop/ConnectedSpine/src/styles.js": {"path":"/Users/emilyzhang/Desktop/ConnectedSpine/src/styles.js","statementMap":{"0":{"start":{"line":3,"column":22},"end":{"line":3,"column":49}},"1":{"start":{"line":5,"column":20},"end":{"line":7,"column":1}},"2":{"start":{"line":10,"column":25},"end":{"line":10,"column":34}},"3":{"start":{"line":13,"column":30},"end":{"line":13,"column":57}},"4":{"start":{"line":15,"column":2},"end":{"line":15,"column":108}},"5":{"start":{"line":16,"column":26},"end":{"line":16,"column":35}},"6":{"start":{"line":19,"column":24},"end":{"line":19,"column":33}},"7":{"start":{"line":21,"column":26},"end":{"line":30,"column":1}},"8":{"start":{"line":22,"column":33},"end":{"line":22,"column":54}},"9":{"start":{"line":32,"column":23},"end":{"line":36,"column":1}},"10":{"start":{"line":38,"column":32},"end":{"line":41,"column":1}},"11":{"start":{"line":43,"column":28},"end":{"line":45,"column":1}},"12":{"start":{"line":47,"column":27},"end":{"line":49,"column":1}},"13":{"start":{"line":51,"column":39},"end":{"line":56,"column":1}},"14":{"start":{"line":58,"column":24},"end":{"line":77,"column":1}},"15":{"start":{"line":70,"column":4},"end":{"line":76,"column":3}},"16":{"start":{"line":79,"column":20},"end":{"line":87,"column":1}},"17":{"start":{"line":89,"column":23},"end":{"line":93,"column":1}}},"fnMap":{"0":{"name":"(anonymous_0)","decl":{"start":{"line":22,"column":22},"end":{"line":22,"column":23}},"loc":{"start":{"line":22,"column":33},"end":{"line":22,"column":54}}},"1":{"name":"(anonymous_1)","decl":{"start":{"line":69,"column":4},"end":{"line":69,"column":5}},"loc":{"start":{"line":70,"column":4},"end":{"line":76,"column":3}}}},"branchMap":{"0":{"loc":{"start":{"line":70,"column":4},"end":{"line":76,"column":3}},"type":"binary-expr","locations":[{"start":{"line":70,"column":4},"end":{"line":70,"column":15}},{"start":{"line":71,"column":4},"end":{"line":76,"column":3}}]}},"s":{"0":12,"1":12,"2":12,"3":12,"4":12,"5":12,"6":12,"7":12,"8":13,"9":12,"10":12,"11":12,"12":12,"13":12,"14":12,"15":1,"16":12,"17":12},"f":{"0":13,"1":1},"b":{"0":[1,1]}}
,"/Users/emilyzhang/Desktop/ConnectedSpine/src/components/Alert.jsx": {"path":"/Users/emilyzhang/Desktop/ConnectedSpine/src/components/Alert.jsx","statementMap":{"0":{"start":{"line":6,"column":19},"end":{"line":6,"column":null}},"1":{"start":{"line":7,"column":15},"end":{"line":7,"column":null}},"2":{"start":{"line":8,"column":12},"end":{"line":8,"column":null}},"3":{"start":{"line":10,"column":18},"end":{"line":11,"column":null}},"4":{"start":{"line":11,"column":25},"end":{"line":11,"column":null}},"5":{"start":{"line":22,"column":12},"end":{"line":30,"column":null}},"6":{"start":{"line":35,"column":13},"end":{"line":36,"column":null}},"7":{"start":{"line":42,"column":14},"end":{"line":42,"column":null}},"8":{"start":{"line":48,"column":13},"end":{"line":48,"column":null}},"9":{"start":{"line":54,"column":15},"end":{"line":65,"column":null}},"10":{"start":{"line":69,"column":14},"end":{"line":82,"column":null}},"11":{"start":{"line":70,"column":2},"end":{"line":80,"column":null}},"12":{"start":{"line":78,"column":31},"end":{"line":78,"column":52}}},"fnMap":{"0":{"name":"(anonymous_0)","decl":{"start":{"line":11,"column":13},"end":{"line":11,"column":14}},"loc":{"start":{"line":11,"column":25},"end":{"line":11,"column":null}}},"1":{"name":"(anonymous_1)","decl":{"start":{"line":69,"column":14},"end":{"line":69,"column":15}},"loc":{"start":{"line":69,"column":61},"end":{"line":82,"column":null}}},"2":{"name":"(anonymous_2)","decl":{"start":{"line":78,"column":25},"end":{"line":78,"column":31}},"loc":{"start":{"line":78,"column":31},"end":{"line":78,"column":52}}}},"branchMap":{"0":{"loc":{"start":{"line":11,"column":25},"end":{"line":11,"column":null}},"type":"cond-expr","locations":[{"start":{"line":11,"column":43},"end":{"line":11,"column":53}},{"start":{"line":11,"column":53},"end":{"line":11,"column":null}}]}},"s":{"0":4,"1":4,"2":4,"3":4,"4":1,"5":4,"6":4,"7":4,"8":4,"9":4,"10":4,"11":1,"12":0},"f":{"0":1,"1":1,"2":0},"b":{"0":[0,1]}}
,"/Users/emilyzhang/Desktop/ConnectedSpine/src/components/FeedbackForm.jsx": {"path":"/Users/emilyzhang/Desktop/ConnectedSpine/src/components/FeedbackForm.jsx","statementMap":{"0":{"start":{"line":4,"column":21},"end":{"line":172,"column":null}},"1":{"start":{"line":5,"column":34},"end":{"line":11,"column":null}},"2":{"start":{"line":12,"column":36},"end":{"line":12,"column":null}},"3":{"start":{"line":13,"column":35},"end":{"line":13,"column":null}},"4":{"start":{"line":15,"column":23},"end":{"line":24,"column":null}},"5":{"start":{"line":16,"column":4},"end":{"line":16,"column":null}},"6":{"start":{"line":17,"column":4},"end":{"line":19,"column":null}},"7":{"start":{"line":23,"column":4},"end":{"line":23,"column":null}},"8":{"start":{"line":26,"column":22},"end":{"line":35,"column":null}},"9":{"start":{"line":27,"column":4},"end":{"line":33,"column":null}},"10":{"start":{"line":34,"column":4},"end":{"line":34,"column":null}},"11":{"start":{"line":37,"column":23},"end":{"line":44,"column":null}},"12":{"start":{"line":38,"column":34},"end":{"line":38,"column":null}},"13":{"start":{"line":39,"column":25},"end":{"line":39,"column":null}},"14":{"start":{"line":40,"column":4},"end":{"line":43,"column":null}},"15":{"start":{"line":40,"column":35},"end":{"line":43,"column":6}},"16":{"start":{"line":46,"column":2},"end":{"line":170,"column":null}}},"fnMap":{"0":{"name":"(anonymous_0)","decl":{"start":{"line":4,"column":21},"end":{"line":4,"column":22}},"loc":{"start":{"line":4,"column":35},"end":{"line":172,"column":null}}},"1":{"name":"(anonymous_1)","decl":{"start":{"line":15,"column":23},"end":{"line":15,"column":24}},"loc":{"start":{"line":15,"column":30},"end":{"line":24,"column":null}}},"2":{"name":"(anonymous_2)","decl":{"start":{"line":26,"column":22},"end":{"line":26,"column":28}},"loc":{"start":{"line":26,"column":28},"end":{"line":35,"column":null}}},"3":{"name":"(anonymous_3)","decl":{"start":{"line":37,"column":23},"end":{"line":37,"column":24}},"loc":{"start":{"line":37,"column":30},"end":{"line":44,"column":null}}},"4":{"name":"(anonymous_4)","decl":{"start":{"line":40,"column":16},"end":{"line":40,"column":17}},"loc":{"start":{"line":40,"column":35},"end":{"line":43,"column":6}}}},"branchMap":{"0":{"loc":{"start":{"line":39,"column":25},"end":{"line":39,"column":null}},"type":"cond-expr","locations":[{"start":{"line":39,"column":45},"end":{"line":39,"column":63}},{"start":{"line":39,"column":63},"end":{"line":39,"column":null}}]},"1":{"loc":{"start":{"line":48,"column":7},"end":{"line":168,"column":null}},"type":"cond-expr","locations":[{"start":{"line":49,"column":8},"end":{"line":58,"column":null}},{"start":{"line":60,"column":8},"end":{"line":168,"column":null}}]}},"s":{"0":3,"1":1,"2":1,"3":1,"4":1,"5":0,"6":0,"7":0,"8":1,"9":0,"10":0,"11":1,"12":0,"13":0,"14":0,"15":0,"16":1},"f":{"0":1,"1":0,"2":0,"3":0,"4":0},"b":{"0":[0,0],"1":[0,1]}}
,"/Users/emilyzhang/Desktop/ConnectedSpine/src/components/Header.jsx": {"path":"/Users/emilyzhang/Desktop/ConnectedSpine/src/components/Header.jsx","statementMap":{"0":{"start":{"line":8,"column":16},"end":{"line":8,"column":null}},"1":{"start":{"line":17,"column":12},"end":{"line":17,"column":null}},"2":{"start":{"line":26,"column":15},"end":{"line":26,"column":null}},"3":{"start":{"line":33,"column":12},"end":{"line":35,"column":null}},"4":{"start":{"line":35,"column":23},"end":{"line":35,"column":null}},"5":{"start":{"line":70,"column":15},"end":{"line":124,"column":null}},"6":{"start":{"line":71,"column":33},"end":{"line":71,"column":null}},"7":{"start":{"line":72,"column":24},"end":{"line":72,"column":null}},"8":{"start":{"line":73,"column":36},"end":{"line":73,"column":null}},"9":{"start":{"line":74,"column":30},"end":{"line":74,"column":null}},"10":{"start":{"line":77,"column":4},"end":{"line":77,"column":null}},"11":{"start":{"line":81,"column":4},"end":{"line":83,"column":null}},"12":{"start":{"line":82,"column":6},"end":{"line":82,"column":null}},"13":{"start":{"line":84,"column":4},"end":{"line":84,"column":null}},"14":{"start":{"line":88,"column":4},"end":{"line":90,"column":null}},"15":{"start":{"line":89,"column":6},"end":{"line":89,"column":null}},"16":{"start":{"line":92,"column":4},"end":{"line":97,"column":null}},"17":{"start":{"line":93,"column":6},"end":{"line":93,"column":null}},"18":{"start":{"line":95,"column":6},"end":{"line":95,"column":null}},"19":{"start":{"line":96,"column":6},"end":{"line":96,"column":null}},"20":{"start":{"line":100,"column":2},"end":{"line":122,"column":null}},"21":{"start":{"line":110,"column":10},"end":{"line":110,"column":null}}},"fnMap":{"0":{"name":"(anonymous_0)","decl":{"start":{"line":35,"column":11},"end":{"line":35,"column":12}},"loc":{"start":{"line":35,"column":23},"end":{"line":35,"column":null}}},"1":{"name":"(anonymous_1)","decl":{"start":{"line":70,"column":15},"end":{"line":70,"column":21}},"loc":{"start":{"line":70,"column":21},"end":{"line":124,"column":null}}},"2":{"name":"toggleSidebar","decl":{"start":{"line":76,"column":11},"end":{"line":76,"column":27}},"loc":{"start":{"line":76,"column":27},"end":{"line":78,"column":null}}},"3":{"name":"handleButtonClicks","decl":{"start":{"line":80,"column":11},"end":{"line":80,"column":30}},"loc":{"start":{"line":80,"column":36},"end":{"line":85,"column":null}}},"4":{"name":"handleProfileClicks","decl":{"start":{"line":87,"column":11},"end":{"line":87,"column":31}},"loc":{"start":{"line":87,"column":37},"end":{"line":98,"column":null}}},"5":{"name":"(anonymous_5)","decl":{"start":{"line":109,"column":17},"end":{"line":109,"column":23}},"loc":{"start":{"line":109,"column":23},"end":{"line":111,"column":null}}}},"branchMap":{"0":{"loc":{"start":{"line":35,"column":23},"end":{"line":35,"column":null}},"type":"cond-expr","locations":[{"start":{"line":35,"column":38},"end":{"line":35,"column":48}},{"start":{"line":35,"column":48},"end":{"line":35,"column":null}}]},"1":{"loc":{"start":{"line":81,"column":4},"end":{"line":83,"column":null}},"type":"if","locations":[{"start":{"line":81,"column":4},"end":{"line":83,"column":null}},{"start":{"line":81,"column":4},"end":{"line":83,"column":null}}]},"2":{"loc":{"start":{"line":88,"column":4},"end":{"line":90,"column":null}},"type":"if","locations":[{"start":{"line":88,"column":4},"end":{"line":90,"column":null}},{"start":{"line":88,"column":4},"end":{"line":90,"column":null}}]},"3":{"loc":{"start":{"line":92,"column":4},"end":{"line":97,"column":null}},"type":"if","locations":[{"start":{"line":92,"column":4},"end":{"line":97,"column":null}},{"start":{"line":94,"column":11},"end":{"line":97,"column":null}}]}},"s":{"0":9,"1":9,"2":9,"3":9,"4":13,"5":9,"6":13,"7":13,"8":13,"9":13,"10":0,"11":0,"12":0,"13":0,"14":0,"15":0,"16":0,"17":0,"18":0,"19":0,"20":13,"21":0},"f":{"0":13,"1":13,"2":0,"3":0,"4":0,"5":0},"b":{"0":[0,13],"1":[0,0],"2":[0,0],"3":[0,0]}}
,"/Users/emilyzhang/Desktop/ConnectedSpine/src/components/LoginTextField.jsx": {"path":"/Users/emilyzhang/Desktop/ConnectedSpine/src/components/LoginTextField.jsx","statementMap":{"0":{"start":{"line":5,"column":20},"end":{"line":8,"column":null}},"1":{"start":{"line":8,"column":6},"end":{"line":8,"column":null}},"2":{"start":{"line":13,"column":23},"end":{"line":57,"column":null}},"3":{"start":{"line":22,"column":2},"end":{"line":55,"column":null}}},"fnMap":{"0":{"name":"(anonymous_0)","decl":{"start":{"line":7,"column":6},"end":{"line":7,"column":7}},"loc":{"start":{"line":8,"column":6},"end":{"line":8,"column":null}}},"1":{"name":"(anonymous_1)","decl":{"start":{"line":13,"column":23},"end":{"line":13,"column":24}},"loc":{"start":{"line":21,"column":6},"end":{"line":57,"column":null}}}},"branchMap":{"0":{"loc":{"start":{"line":8,"column":6},"end":{"line":8,"column":null}},"type":"cond-expr","locations":[{"start":{"line":8,"column":20},"end":{"line":8,"column":57}},{"start":{"line":8,"column":57},"end":{"line":8,"column":null}}]},"1":{"loc":{"start":{"line":27,"column":12},"end":{"line":27,"column":null}},"type":"cond-expr","locations":[{"start":{"line":27,"column":20},"end":{"line":27,"column":39}},{"start":{"line":27,"column":39},"end":{"line":27,"column":null}}]},"2":{"loc":{"start":{"line":29,"column":17},"end":{"line":29,"column":null}},"type":"cond-expr","locations":[{"start":{"line":29,"column":25},"end":{"line":29,"column":38}},{"start":{"line":29,"column":38},"end":{"line":29,"column":null}}]},"3":{"loc":{"start":{"line":36,"column":12},"end":{"line":36,"column":null}},"type":"cond-expr","locations":[{"start":{"line":36,"column":20},"end":{"line":36,"column":39}},{"start":{"line":36,"column":39},"end":{"line":36,"column":null}}]},"4":{"loc":{"start":{"line":38,"column":17},"end":{"line":38,"column":null}},"type":"cond-expr","locations":[{"start":{"line":38,"column":25},"end":{"line":38,"column":38}},{"start":{"line":38,"column":38},"end":{"line":38,"column":null}}]},"5":{"loc":{"start":{"line":41,"column":14},"end":{"line":41,"column":null}},"type":"cond-expr","locations":[{"start":{"line":41,"column":29},"end":{"line":41,"column":38}},{"start":{"line":41,"column":38},"end":{"line":41,"column":null}}]},"6":{"loc":{"start":{"line":49,"column":17},"end":{"line":49,"column":null}},"type":"cond-expr","locations":[{"start":{"line":49,"column":32},"end":{"line":49,"column":49}},{"start":{"line":49,"column":49},"end":{"line":49,"column":null}}]}},"s":{"0":4,"1":2,"2":4,"3":1},"f":{"0":2,"1":1},"b":{"0":[2,0],"1":[1,0],"2":[1,0],"3":[1,0],"4":[1,0],"5":[0,1],"6":[0,1]}}
,"/Users/emilyzhang/Desktop/ConnectedSpine/src/components/Modal.jsx": {"path":"/Users/emilyzhang/Desktop/ConnectedSpine/src/components/Modal.jsx","statementMap":{"0":{"start":{"line":3,"column":19},"end":{"line":3,"column":null}},"1":{"start":{"line":4,"column":15},"end":{"line":4,"column":null}},"2":{"start":{"line":6,"column":18},"end":{"line":21,"column":null}},"3":{"start":{"line":7,"column":25},"end":{"line":7,"column":null}},"4":{"start":{"line":26,"column":13},"end":{"line":26,"column":null}},"5":{"start":{"line":33,"column":14},"end":{"line":42,"column":null}},"6":{"start":{"line":34,"column":2},"end":{"line":40,"column":null}},"7":{"start":{"line":37,"column":29},"end":{"line":37,"column":50}}},"fnMap":{"0":{"name":"(anonymous_0)","decl":{"start":{"line":7,"column":13},"end":{"line":7,"column":14}},"loc":{"start":{"line":7,"column":25},"end":{"line":7,"column":null}}},"1":{"name":"(anonymous_1)","decl":{"start":{"line":33,"column":14},"end":{"line":33,"column":15}},"loc":{"start":{"line":33,"column":53},"end":{"line":42,"column":null}}},"2":{"name":"(anonymous_2)","decl":{"start":{"line":37,"column":23},"end":{"line":37,"column":29}},"loc":{"start":{"line":37,"column":29},"end":{"line":37,"column":50}}}},"branchMap":{"0":{"loc":{"start":{"line":7,"column":25},"end":{"line":7,"column":null}},"type":"cond-expr","locations":[{"start":{"line":7,"column":43},"end":{"line":7,"column":53}},{"start":{"line":7,"column":53},"end":{"line":7,"column":null}}]}},"s":{"0":12,"1":12,"2":12,"3":22,"4":12,"5":12,"6":22,"7":0},"f":{"0":22,"1":22,"2":0},"b":{"0":[0,22]}}
,"/Users/emilyzhang/Desktop/ConnectedSpine/src/components/BasicInfo/Q2.jsx": {"path":"/Users/emilyzhang/Desktop/ConnectedSpine/src/components/BasicInfo/Q2.jsx","statementMap":{"0":{"start":{"line":12,"column":17},"end":{"line":12,"column":null}},"1":{"start":{"line":13,"column":19},"end":{"line":13,"column":null}},"2":{"start":{"line":15,"column":18},"end":{"line":15,"column":null}},"3":{"start":{"line":21,"column":15},"end":{"line":46,"column":null}},"4":{"start":{"line":41,"column":4},"end":{"line":43,"column":null}},"5":{"start":{"line":46,"column":4},"end":{"line":46,"column":null}},"6":{"start":{"line":49,"column":11},"end":{"line":101,"column":null}},"7":{"start":{"line":50,"column":34},"end":{"line":50,"column":null}},"8":{"start":{"line":51,"column":50},"end":{"line":51,"column":null}},"9":{"start":{"line":52,"column":34},"end":{"line":52,"column":null}},"10":{"start":{"line":53,"column":28},"end":{"line":53,"column":null}},"11":{"start":{"line":55,"column":28},"end":{"line":58,"column":null}},"12":{"start":{"line":56,"column":4},"end":{"line":56,"column":null}},"13":{"start":{"line":57,"column":4},"end":{"line":57,"column":null}},"14":{"start":{"line":60,"column":2},"end":{"line":73,"column":null}},"15":{"start":{"line":61,"column":4},"end":{"line":67,"column":null}},"16":{"start":{"line":62,"column":6},"end":{"line":66,"column":null}},"17":{"start":{"line":63,"column":8},"end":{"line":63,"column":null}},"18":{"start":{"line":65,"column":8},"end":{"line":65,"column":null}},"19":{"start":{"line":68,"column":4},"end":{"line":72,"column":null}},"20":{"start":{"line":69,"column":6},"end":{"line":69,"column":null}},"21":{"start":{"line":71,"column":6},"end":{"line":71,"column":null}},"22":{"start":{"line":75,"column":2},"end":{"line":99,"column":null}},"23":{"start":{"line":80,"column":25},"end":{"line":80,"column":null}},"24":{"start":{"line":91,"column":25},"end":{"line":91,"column":null}}},"fnMap":{"0":{"name":"(anonymous_0)","decl":{"start":{"line":40,"column":4},"end":{"line":40,"column":5}},"loc":{"start":{"line":41,"column":4},"end":{"line":43,"column":null}}},"1":{"name":"(anonymous_1)","decl":{"start":{"line":45,"column":22},"end":{"line":45,"column":23}},"loc":{"start":{"line":46,"column":4},"end":{"line":46,"column":null}}},"2":{"name":"(anonymous_2)","decl":{"start":{"line":49,"column":11},"end":{"line":49,"column":17}},"loc":{"start":{"line":49,"column":17},"end":{"line":101,"column":null}}},"3":{"name":"(anonymous_3)","decl":{"start":{"line":55,"column":28},"end":{"line":55,"column":29}},"loc":{"start":{"line":55,"column":40},"end":{"line":58,"column":null}}},"4":{"name":"(anonymous_4)","decl":{"start":{"line":60,"column":12},"end":{"line":60,"column":18}},"loc":{"start":{"line":60,"column":18},"end":{"line":73,"column":5}}},"5":{"name":"(anonymous_5)","decl":{"start":{"line":80,"column":19},"end":{"line":80,"column":25}},"loc":{"start":{"line":80,"column":25},"end":{"line":80,"column":null}}},"6":{"name":"(anonymous_6)","decl":{"start":{"line":91,"column":19},"end":{"line":91,"column":25}},"loc":{"start":{"line":91,"column":25},"end":{"line":91,"column":null}}}},"branchMap":{"0":{"loc":{"start":{"line":41,"column":4},"end":{"line":43,"column":null}},"type":"binary-expr","locations":[{"start":{"line":41,"column":4},"end":{"line":41,"column":null}},{"start":{"line":42,"column":4},"end":{"line":43,"column":null}}]},"1":{"loc":{"start":{"line":46,"column":4},"end":{"line":46,"column":null}},"type":"cond-expr","locations":[{"start":{"line":46,"column":21},"end":{"line":46,"column":42}},{"start":{"line":46,"column":42},"end":{"line":46,"column":null}}]},"2":{"loc":{"start":{"line":61,"column":4},"end":{"line":67,"column":null}},"type":"if","locations":[{"start":{"line":61,"column":4},"end":{"line":67,"column":null}},{"start":{"line":61,"column":4},"end":{"line":67,"column":null}}]},"3":{"loc":{"start":{"line":62,"column":6},"end":{"line":66,"column":null}},"type":"if","locations":[{"start":{"line":62,"column":6},"end":{"line":66,"column":null}},{"start":{"line":64,"column":13},"end":{"line":66,"column":null}}]},"4":{"loc":{"start":{"line":62,"column":10},"end":{"line":62,"column":49}},"type":"binary-expr","locations":[{"start":{"line":62,"column":10},"end":{"line":62,"column":19}},{"start":{"line":62,"column":19},"end":{"line":62,"column":49}}]},"5":{"loc":{"start":{"line":68,"column":4},"end":{"line":72,"column":null}},"type":"if","locations":[{"start":{"line":68,"column":4},"end":{"line":72,"column":null}},{"start":{"line":70,"column":11},"end":{"line":72,"column":null}}]},"6":{"loc":{"start":{"line":68,"column":8},"end":{"line":68,"column":34}},"type":"binary-expr","locations":[{"start":{"line":68,"column":8},"end":{"line":68,"column":17}},{"start":{"line":68,"column":17},"end":{"line":68,"column":34}}]}},"s":{"0":2,"1":2,"2":2,"3":2,"4":0,"5":0,"6":2,"7":0,"8":0,"9":0,"10":0,"11":0,"12":0,"13":0,"14":0,"15":0,"16":0,"17":0,"18":0,"19":0,"20":0,"21":0,"22":0,"23":0,"24":0},"f":{"0":0,"1":0,"2":0,"3":0,"4":0,"5":0,"6":0},"b":{"0":[0,0],"1":[0,0],"2":[0,0],"3":[0,0],"4":[0,0],"5":[0,0],"6":[0,0]}}
,"/Users/emilyzhang/Desktop/ConnectedSpine/src/components/BasicInfo/Q3.jsx": {"path":"/Users/emilyzhang/Desktop/ConnectedSpine/src/components/BasicInfo/Q3.jsx","statementMap":{"0":{"start":{"line":9,"column":18},"end":{"line":9,"column":null}},"1":{"start":{"line":14,"column":12},"end":{"line":14,"column":null}},"2":{"start":{"line":18,"column":13},"end":{"line":18,"column":null}},"3":{"start":{"line":25,"column":14},"end":{"line":25,"column":null}},"4":{"start":{"line":32,"column":11},"end":{"line":170,"column":null}},"5":{"start":{"line":33,"column":34},"end":{"line":33,"column":null}},"6":{"start":{"line":34,"column":50},"end":{"line":34,"column":null}},"7":{"start":{"line":35,"column":34},"end":{"line":35,"column":null}},"8":{"start":{"line":36,"column":36},"end":{"line":36,"column":null}},"9":{"start":{"line":37,"column":24},"end":{"line":37,"column":null}},"10":{"start":{"line":38,"column":30},"end":{"line":38,"column":null}},"11":{"start":{"line":39,"column":30},"end":{"line":39,"column":null}},"12":{"start":{"line":40,"column":24},"end":{"line":40,"column":null}},"13":{"start":{"line":42,"column":28},"end":{"line":44,"column":null}},"14":{"start":{"line":43,"column":4},"end":{"line":43,"column":null}},"15":{"start":{"line":46,"column":29},"end":{"line":48,"column":null}},"16":{"start":{"line":47,"column":4},"end":{"line":47,"column":null}},"17":{"start":{"line":50,"column":29},"end":{"line":52,"column":null}},"18":{"start":{"line":51,"column":4},"end":{"line":51,"column":null}},"19":{"start":{"line":54,"column":26},"end":{"line":56,"column":null}},"20":{"start":{"line":55,"column":4},"end":{"line":55,"column":null}},"21":{"start":{"line":58,"column":2},"end":{"line":93,"column":null}},"22":{"start":{"line":59,"column":4},"end":{"line":69,"column":null}},"23":{"start":{"line":60,"column":6},"end":{"line":65,"column":null}},"24":{"start":{"line":66,"column":6},"end":{"line":66,"column":null}},"25":{"start":{"line":68,"column":6},"end":{"line":68,"column":null}},"26":{"start":{"line":70,"column":4},"end":{"line":92,"column":null}},"27":{"start":{"line":71,"column":25},"end":{"line":71,"column":null}},"28":{"start":{"line":72,"column":6},"end":{"line":76,"column":null}},"29":{"start":{"line":73,"column":8},"end":{"line":73,"column":null}},"30":{"start":{"line":75,"column":8},"end":{"line":75,"column":null}},"31":{"start":{"line":77,"column":6},"end":{"line":81,"column":null}},"32":{"start":{"line":78,"column":8},"end":{"line":78,"column":null}},"33":{"start":{"line":80,"column":8},"end":{"line":80,"column":null}},"34":{"start":{"line":82,"column":6},"end":{"line":86,"column":null}},"35":{"start":{"line":83,"column":8},"end":{"line":83,"column":null}},"36":{"start":{"line":85,"column":8},"end":{"line":85,"column":null}},"37":{"start":{"line":87,"column":6},"end":{"line":91,"column":null}},"38":{"start":{"line":88,"column":8},"end":{"line":88,"column":null}},"39":{"start":{"line":90,"column":8},"end":{"line":90,"column":null}},"40":{"start":{"line":96,"column":17},"end":{"line":96,"column":null}},"41":{"start":{"line":97,"column":19},"end":{"line":97,"column":null}},"42":{"start":{"line":98,"column":4},"end":{"line":98,"column":null}},"43":{"start":{"line":101,"column":2},"end":{"line":168,"column":null}},"44":{"start":{"line":108,"column":27},"end":{"line":108,"column":null}},"45":{"start":{"line":114,"column":27},"end":{"line":114,"column":null}},"46":{"start":{"line":120,"column":27},"end":{"line":120,"column":47}}},"fnMap":{"0":{"name":"(anonymous_0)","decl":{"start":{"line":32,"column":11},"end":{"line":32,"column":17}},"loc":{"start":{"line":32,"column":17},"end":{"line":170,"column":null}}},"1":{"name":"(anonymous_1)","decl":{"start":{"line":42,"column":28},"end":{"line":42,"column":29}},"loc":{"start":{"line":42,"column":40},"end":{"line":44,"column":null}}},"2":{"name":"(anonymous_2)","decl":{"start":{"line":46,"column":29},"end":{"line":46,"column":30}},"loc":{"start":{"line":46,"column":40},"end":{"line":48,"column":null}}},"3":{"name":"(anonymous_3)","decl":{"start":{"line":50,"column":29},"end":{"line":50,"column":30}},"loc":{"start":{"line":50,"column":40},"end":{"line":52,"column":null}}},"4":{"name":"(anonymous_4)","decl":{"start":{"line":54,"column":26},"end":{"line":54,"column":27}},"loc":{"start":{"line":54,"column":37},"end":{"line":56,"column":null}}},"5":{"name":"(anonymous_5)","decl":{"start":{"line":58,"column":12},"end":{"line":58,"column":18}},"loc":{"start":{"line":58,"column":18},"end":{"line":93,"column":5}}},"6":{"name":"formatHeight","decl":{"start":{"line":95,"column":11},"end":{"line":95,"column":24}},"loc":{"start":{"line":95,"column":32},"end":{"line":99,"column":null}}},"7":{"name":"(anonymous_7)","decl":{"start":{"line":108,"column":21},"end":{"line":108,"column":27}},"loc":{"start":{"line":108,"column":27},"end":{"line":108,"column":null}}},"8":{"name":"(anonymous_8)","decl":{"start":{"line":114,"column":21},"end":{"line":114,"column":27}},"loc":{"start":{"line":114,"column":27},"end":{"line":114,"column":null}}},"9":{"name":"(anonymous_9)","decl":{"start":{"line":120,"column":21},"end":{"line":120,"column":27}},"loc":{"start":{"line":120,"column":27},"end":{"line":120,"column":47}}}},"branchMap":{"0":{"loc":{"start":{"line":59,"column":4},"end":{"line":69,"column":null}},"type":"if","locations":[{"start":{"line":59,"column":4},"end":{"line":69,"column":null}},{"start":{"line":67,"column":11},"end":{"line":69,"column":null}}]},"1":{"loc":{"start":{"line":59,"column":8},"end":{"line":59,"column":40}},"type":"binary-expr","locations":[{"start":{"line":59,"column":8},"end":{"line":59,"column":15}},{"start":{"line":59,"column":15},"end":{"line":59,"column":25}},{"start":{"line":59,"column":25},"end":{"line":59,"column":35}},{"start":{"line":59,"column":35},"end":{"line":59,"column":40}}]},"2":{"loc":{"start":{"line":70,"column":4},"end":{"line":92,"column":null}},"type":"if","locations":[{"start":{"line":70,"column":4},"end":{"line":92,"column":null}},{"start":{"line":70,"column":4},"end":{"line":92,"column":null}}]},"3":{"loc":{"start":{"line":72,"column":6},"end":{"line":76,"column":null}},"type":"if","locations":[{"start":{"line":72,"column":6},"end":{"line":76,"column":null}},{"start":{"line":74,"column":13},"end":{"line":76,"column":null}}]},"4":{"loc":{"start":{"line":72,"column":10},"end":{"line":72,"column":43}},"type":"binary-expr","locations":[{"start":{"line":72,"column":10},"end":{"line":72,"column":17}},{"start":{"line":72,"column":17},"end":{"line":72,"column":43}}]},"5":{"loc":{"start":{"line":77,"column":6},"end":{"line":81,"column":null}},"type":"if","locations":[{"start":{"line":77,"column":6},"end":{"line":81,"column":null}},{"start":{"line":79,"column":13},"end":{"line":81,"column":null}}]},"6":{"loc":{"start":{"line":77,"column":10},"end":{"line":77,"column":52}},"type":"binary-expr","locations":[{"start":{"line":77,"column":10},"end":{"line":77,"column":20}},{"start":{"line":77,"column":20},"end":{"line":77,"column":52}}]},"7":{"loc":{"start":{"line":82,"column":6},"end":{"line":86,"column":null}},"type":"if","locations":[{"start":{"line":82,"column":6},"end":{"line":86,"column":null}},{"start":{"line":84,"column":13},"end":{"line":86,"column":null}}]},"8":{"loc":{"start":{"line":82,"column":10},"end":{"line":82,"column":52}},"type":"binary-expr","locations":[{"start":{"line":82,"column":10},"end":{"line":82,"column":20}},{"start":{"line":82,"column":20},"end":{"line":82,"column":52}}]},"9":{"loc":{"start":{"line":87,"column":6},"end":{"line":91,"column":null}},"type":"if","locations":[{"start":{"line":87,"column":6},"end":{"line":91,"column":null}},{"start":{"line":89,"column":13},"end":{"line":91,"column":null}}]},"10":{"loc":{"start":{"line":135,"column":11},"end":{"line":135,"column":null}},"type":"cond-expr","locations":[{"start":{"line":135,"column":21},"end":{"line":135,"column":29}},{"start":{"line":135,"column":29},"end":{"line":135,"column":null}}]},"11":{"loc":{"start":{"line":145,"column":11},"end":{"line":148,"column":null}},"type":"cond-expr","locations":[{"start":{"line":146,"column":12},"end":{"line":146,"column":null}},{"start":{"line":148,"column":12},"end":{"line":148,"column":null}}]},"12":{"loc":{"start":{"line":145,"column":11},"end":{"line":145,"column":null}},"type":"binary-expr","locations":[{"start":{"line":145,"column":11},"end":{"line":145,"column":49}},{"start":{"line":145,"column":49},"end":{"line":145,"column":null}}]},"13":{"loc":{"start":{"line":161,"column":11},"end":{"line":164,"column":null}},"type":"cond-expr","locations":[{"start":{"line":162,"column":12},"end":{"line":162,"column":null}},{"start":{"line":164,"column":12},"end":{"line":164,"column":null}}]},"14":{"loc":{"start":{"line":161,"column":11},"end":{"line":161,"column":null}},"type":"binary-expr","locations":[{"start":{"line":161,"column":11},"end":{"line":161,"column":46}},{"start":{"line":161,"column":46},"end":{"line":161,"column":null}}]}},"s":{"0":2,"1":2,"2":2,"3":2,"4":2,"5":0,"6":0,"7":0,"8":0,"9":0,"10":0,"11":0,"12":0,"13":0,"14":0,"15":0,"16":0,"17":0,"18":0,"19":0,"20":0,"21":0,"22":0,"23":0,"24":0,"25":0,"26":0,"27":0,"28":0,"29":0,"30":0,"31":0,"32":0,"33":0,"34":0,"35":0,"36":0,"37":0,"38":0,"39":0,"40":0,"41":0,"42":0,"43":0,"44":0,"45":0,"46":0},"f":{"0":0,"1":0,"2":0,"3":0,"4":0,"5":0,"6":0,"7":0,"8":0,"9":0},"b":{"0":[0,0],"1":[0,0,0,0],"2":[0,0],"3":[0,0],"4":[0,0],"5":[0,0],"6":[0,0],"7":[0,0],"8":[0,0],"9":[0,0],"10":[0,0],"11":[0,0],"12":[0,0],"13":[0,0],"14":[0,0]}}
,"/Users/emilyzhang/Desktop/ConnectedSpine/src/components/BasicInfo/TermsAgreement.jsx": {"path":"/Users/emilyzhang/Desktop/ConnectedSpine/src/components/BasicInfo/TermsAgreement.jsx","statementMap":{"0":{"start":{"line":8,"column":18},"end":{"line":8,"column":null}},"1":{"start":{"line":12,"column":17},"end":{"line":12,"column":null}},"2":{"start":{"line":21,"column":17},"end":{"line":21,"column":null}},"3":{"start":{"line":31,"column":13},"end":{"line":31,"column":null}},"4":{"start":{"line":37,"column":23},"end":{"line":112,"column":null}},"5":{"start":{"line":38,"column":34},"end":{"line":38,"column":null}},"6":{"start":{"line":39,"column":36},"end":{"line":39,"column":null}},"7":{"start":{"line":40,"column":36},"end":{"line":40,"column":null}},"8":{"start":{"line":41,"column":40},"end":{"line":41,"column":null}},"9":{"start":{"line":44,"column":4},"end":{"line":44,"column":null}},"10":{"start":{"line":45,"column":4},"end":{"line":45,"column":null}},"11":{"start":{"line":48,"column":27},"end":{"line":51,"column":null}},"12":{"start":{"line":49,"column":4},"end":{"line":49,"column":null}},"13":{"start":{"line":50,"column":4},"end":{"line":50,"column":null}},"14":{"start":{"line":53,"column":29},"end":{"line":56,"column":null}},"15":{"start":{"line":54,"column":4},"end":{"line":54,"column":null}},"16":{"start":{"line":55,"column":4},"end":{"line":55,"column":null}},"17":{"start":{"line":58,"column":2},"end":{"line":110,"column":null}}},"fnMap":{"0":{"name":"(anonymous_0)","decl":{"start":{"line":37,"column":23},"end":{"line":37,"column":29}},"loc":{"start":{"line":37,"column":29},"end":{"line":112,"column":null}}},"1":{"name":"handleCheckboxClick","decl":{"start":{"line":43,"column":11},"end":{"line":43,"column":33}},"loc":{"start":{"line":43,"column":33},"end":{"line":46,"column":null}}},"2":{"name":"(anonymous_2)","decl":{"start":{"line":48,"column":27},"end":{"line":48,"column":28}},"loc":{"start":{"line":48,"column":38},"end":{"line":51,"column":null}}},"3":{"name":"(anonymous_3)","decl":{"start":{"line":53,"column":29},"end":{"line":53,"column":30}},"loc":{"start":{"line":53,"column":40},"end":{"line":56,"column":null}}}},"branchMap":{},"s":{"0":3,"1":3,"2":3,"3":3,"4":3,"5":1,"6":1,"7":1,"8":1,"9":0,"10":0,"11":1,"12":0,"13":0,"14":1,"15":0,"16":0,"17":1},"f":{"0":1,"1":0,"2":0,"3":0},"b":{}}
,"/Users/emilyzhang/Desktop/ConnectedSpine/src/components/QuestionTypes/MultiButton.jsx": {"path":"/Users/emilyzhang/Desktop/ConnectedSpine/src/components/QuestionTypes/MultiButton.jsx","statementMap":{"0":{"start":{"line":4,"column":18},"end":{"line":10,"column":null}},"1":{"start":{"line":7,"column":15},"end":{"line":7,"column":null}},"2":{"start":{"line":9,"column":4},"end":{"line":10,"column":null}},"3":{"start":{"line":22,"column":13},"end":{"line":27,"column":null}},"4":{"start":{"line":27,"column":29},"end":{"line":27,"column":null}},"5":{"start":{"line":30,"column":20},"end":{"line":49,"column":null}},"6":{"start":{"line":31,"column":2},"end":{"line":47,"column":null}},"7":{"start":{"line":34,"column":8},"end":{"line":45,"column":null}}},"fnMap":{"0":{"name":"(anonymous_0)","decl":{"start":{"line":7,"column":4},"end":{"line":7,"column":5}},"loc":{"start":{"line":7,"column":15},"end":{"line":7,"column":null}}},"1":{"name":"(anonymous_1)","decl":{"start":{"line":8,"column":4},"end":{"line":8,"column":5}},"loc":{"start":{"line":9,"column":4},"end":{"line":10,"column":null}}},"2":{"name":"(anonymous_2)","decl":{"start":{"line":27,"column":17},"end":{"line":27,"column":18}},"loc":{"start":{"line":27,"column":29},"end":{"line":27,"column":null}}},"3":{"name":"(anonymous_3)","decl":{"start":{"line":30,"column":20},"end":{"line":30,"column":21}},"loc":{"start":{"line":30,"column":69},"end":{"line":49,"column":null}}},"4":{"name":"(anonymous_4)","decl":{"start":{"line":33,"column":19},"end":{"line":33,"column":20}},"loc":{"start":{"line":34,"column":8},"end":{"line":45,"column":null}}}},"branchMap":{"0":{"loc":{"start":{"line":7,"column":15},"end":{"line":7,"column":null}},"type":"binary-expr","locations":[{"start":{"line":7,"column":15},"end":{"line":7,"column":43}},{"start":{"line":7,"column":43},"end":{"line":7,"column":null}}]},"1":{"loc":{"start":{"line":9,"column":4},"end":{"line":10,"column":null}},"type":"binary-expr","locations":[{"start":{"line":9,"column":4},"end":{"line":9,"column":null}},{"start":{"line":10,"column":4},"end":{"line":10,"column":null}}]},"2":{"loc":{"start":{"line":27,"column":29},"end":{"line":27,"column":null}},"type":"cond-expr","locations":[{"start":{"line":27,"column":44},"end":{"line":27,"column":57}},{"start":{"line":27,"column":57},"end":{"line":27,"column":null}}]}},"s":{"0":2,"1":0,"2":0,"3":2,"4":0,"5":2,"6":0,"7":0},"f":{"0":0,"1":0,"2":0,"3":0,"4":0},"b":{"0":[0,0],"1":[0,0],"2":[0,0]}}
,"/Users/emilyzhang/Desktop/ConnectedSpine/src/components/QuestionTypes/MultiSelect.jsx": {"path":"/Users/emilyzhang/Desktop/ConnectedSpine/src/components/QuestionTypes/MultiSelect.jsx","statementMap":{"0":{"start":{"line":4,"column":18},"end":{"line":4,"column":null}},"1":{"start":{"line":8,"column":14},"end":{"line":14,"column":null}},"2":{"start":{"line":21,"column":13},"end":{"line":21,"column":null}},"3":{"start":{"line":25,"column":20},"end":{"line":42,"column":null}},"4":{"start":{"line":26,"column":2},"end":{"line":40,"column":null}},"5":{"start":{"line":29,"column":8},"end":{"line":38,"column":null}}},"fnMap":{"0":{"name":"(anonymous_0)","decl":{"start":{"line":25,"column":20},"end":{"line":25,"column":21}},"loc":{"start":{"line":25,"column":69},"end":{"line":42,"column":null}}},"1":{"name":"(anonymous_1)","decl":{"start":{"line":28,"column":19},"end":{"line":28,"column":20}},"loc":{"start":{"line":29,"column":8},"end":{"line":38,"column":null}}}},"branchMap":{},"s":{"0":2,"1":2,"2":2,"3":2,"4":0,"5":0},"f":{"0":0,"1":0},"b":{}}
,"/Users/emilyzhang/Desktop/ConnectedSpine/src/components/QuestionTypes/Options.jsx": {"path":"/Users/emilyzhang/Desktop/ConnectedSpine/src/components/QuestionTypes/Options.jsx","statementMap":{"0":{"start":{"line":9,"column":16},"end":{"line":103,"column":null}},"1":{"start":{"line":16,"column":34},"end":{"line":16,"column":null}},"2":{"start":{"line":17,"column":50},"end":{"line":17,"column":null}},"3":{"start":{"line":18,"column":34},"end":{"line":18,"column":null}},"4":{"start":{"line":20,"column":24},"end":{"line":35,"column":null}},"5":{"start":{"line":21,"column":27},"end":{"line":21,"column":null}},"6":{"start":{"line":23,"column":4},"end":{"line":34,"column":null}},"7":{"start":{"line":24,"column":6},"end":{"line":26,"column":null}},"8":{"start":{"line":25,"column":43},"end":{"line":25,"column":68}},"9":{"start":{"line":28,"column":6},"end":{"line":32,"column":null}},"10":{"start":{"line":29,"column":8},"end":{"line":29,"column":null}},"11":{"start":{"line":31,"column":8},"end":{"line":31,"column":null}},"12":{"start":{"line":33,"column":6},"end":{"line":33,"column":null}},"13":{"start":{"line":37,"column":2},"end":{"line":39,"column":null}},"14":{"start":{"line":38,"column":4},"end":{"line":38,"column":null}},"15":{"start":{"line":41,"column":2},"end":{"line":61,"column":null}},"16":{"start":{"line":43,"column":4},"end":{"line":45,"column":null}},"17":{"start":{"line":44,"column":16},"end":{"line":44,"column":null}},"18":{"start":{"line":46,"column":4},"end":{"line":60,"column":null}},"19":{"start":{"line":52,"column":6},"end":{"line":56,"column":null}},"20":{"start":{"line":53,"column":8},"end":{"line":53,"column":null}},"21":{"start":{"line":55,"column":8},"end":{"line":55,"column":null}},"22":{"start":{"line":57,"column":6},"end":{"line":57,"column":null}},"23":{"start":{"line":59,"column":6},"end":{"line":59,"column":null}},"24":{"start":{"line":63,"column":2},"end":{"line":102,"column":null}},"25":{"start":{"line":64,"column":4},"end":{"line":99,"column":null}},"26":{"start":{"line":66,"column":8},"end":{"line":71,"column":null}},"27":{"start":{"line":74,"column":8},"end":{"line":79,"column":null}},"28":{"start":{"line":82,"column":8},"end":{"line":87,"column":null}},"29":{"start":{"line":90,"column":8},"end":{"line":95,"column":null}},"30":{"start":{"line":98,"column":8},"end":{"line":98,"column":null}},"31":{"start":{"line":101,"column":4},"end":{"line":101,"column":null}}},"fnMap":{"0":{"name":"(anonymous_0)","decl":{"start":{"line":9,"column":16},"end":{"line":9,"column":17}},"loc":{"start":{"line":15,"column":6},"end":{"line":103,"column":null}}},"1":{"name":"(anonymous_1)","decl":{"start":{"line":20,"column":24},"end":{"line":20,"column":25}},"loc":{"start":{"line":20,"column":35},"end":{"line":35,"column":null}}},"2":{"name":"(anonymous_2)","decl":{"start":{"line":25,"column":31},"end":{"line":25,"column":32}},"loc":{"start":{"line":25,"column":43},"end":{"line":25,"column":68}}},"3":{"name":"(anonymous_3)","decl":{"start":{"line":41,"column":12},"end":{"line":41,"column":18}},"loc":{"start":{"line":41,"column":18},"end":{"line":61,"column":5}}}},"branchMap":{"0":{"loc":{"start":{"line":23,"column":4},"end":{"line":34,"column":null}},"type":"if","locations":[{"start":{"line":23,"column":4},"end":{"line":34,"column":null}},{"start":{"line":27,"column":11},"end":{"line":34,"column":null}}]},"1":{"loc":{"start":{"line":28,"column":6},"end":{"line":32,"column":null}},"type":"if","locations":[{"start":{"line":28,"column":6},"end":{"line":32,"column":null}},{"start":{"line":30,"column":13},"end":{"line":32,"column":null}}]},"2":{"loc":{"start":{"line":28,"column":10},"end":{"line":28,"column":78}},"type":"binary-expr","locations":[{"start":{"line":28,"column":10},"end":{"line":28,"column":42}},{"start":{"line":28,"column":42},"end":{"line":28,"column":78}}]},"3":{"loc":{"start":{"line":37,"column":2},"end":{"line":39,"column":null}},"type":"if","locations":[{"start":{"line":37,"column":2},"end":{"line":39,"column":null}},{"start":{"line":37,"column":2},"end":{"line":39,"column":null}}]},"4":{"loc":{"start":{"line":37,"column":6},"end":{"line":37,"column":56}},"type":"binary-expr","locations":[{"start":{"line":37,"column":6},"end":{"line":37,"column":38}},{"start":{"line":37,"column":38},"end":{"line":37,"column":56}}]},"5":{"loc":{"start":{"line":43,"column":4},"end":{"line":45,"column":null}},"type":"if","locations":[{"start":{"line":43,"column":4},"end":{"line":45,"column":null}},{"start":{"line":43,"column":4},"end":{"line":45,"column":null}}]},"6":{"loc":{"start":{"line":46,"column":4},"end":{"line":60,"column":null}},"type":"if","locations":[{"start":{"line":46,"column":4},"end":{"line":60,"column":null}},{"start":{"line":46,"column":4},"end":{"line":60,"column":null}}]},"7":{"loc":{"start":{"line":47,"column":6},"end":{"line":48,"column":null}},"type":"binary-expr","locations":[{"start":{"line":47,"column":6},"end":{"line":47,"column":null}},{"start":{"line":48,"column":7},"end":{"line":48,"column":47}},{"start":{"line":48,"column":47},"end":{"line":48,"column":null}}]},"8":{"loc":{"start":{"line":52,"column":6},"end":{"line":56,"column":null}},"type":"if","locations":[{"start":{"line":52,"column":6},"end":{"line":56,"column":null}},{"start":{"line":54,"column":13},"end":{"line":56,"column":null}}]},"9":{"loc":{"start":{"line":63,"column":2},"end":{"line":102,"column":null}},"type":"if","locations":[{"start":{"line":63,"column":2},"end":{"line":102,"column":null}},{"start":{"line":100,"column":9},"end":{"line":102,"column":null}}]},"10":{"loc":{"start":{"line":64,"column":4},"end":{"line":99,"column":null}},"type":"switch","locations":[{"start":{"line":65,"column":6},"end":{"line":71,"column":null}},{"start":{"line":73,"column":6},"end":{"line":79,"column":null}},{"start":{"line":81,"column":6},"end":{"line":87,"column":null}},{"start":{"line":89,"column":6},"end":{"line":95,"column":null}},{"start":{"line":97,"column":6},"end":{"line":98,"column":null}}]}},"s":{"0":2,"1":0,"2":0,"3":0,"4":0,"5":0,"6":0,"7":0,"8":0,"9":0,"10":0,"11":0,"12":0,"13":0,"14":0,"15":0,"16":0,"17":0,"18":0,"19":0,"20":0,"21":0,"22":0,"23":0,"24":0,"25":0,"26":0,"27":0,"28":0,"29":0,"30":0,"31":0},"f":{"0":0,"1":0,"2":0,"3":0},"b":{"0":[0,0],"1":[0,0],"2":[0,0],"3":[0,0],"4":[0,0],"5":[0,0],"6":[0,0],"7":[0,0,0],"8":[0,0],"9":[0,0],"10":[0,0,0,0,0]}}
,"/Users/emilyzhang/Desktop/ConnectedSpine/src/components/QuestionTypes/Select.jsx": {"path":"/Users/emilyzhang/Desktop/ConnectedSpine/src/components/QuestionTypes/Select.jsx","statementMap":{"0":{"start":{"line":5,"column":18},"end":{"line":5,"column":null}},"1":{"start":{"line":9,"column":15},"end":{"line":15,"column":null}},"2":{"start":{"line":19,"column":15},"end":{"line":32,"column":null}},"3":{"start":{"line":30,"column":4},"end":{"line":32,"column":null}},"4":{"start":{"line":36,"column":17},"end":{"line":40,"column":null}},"5":{"start":{"line":43,"column":15},"end":{"line":60,"column":null}},"6":{"start":{"line":44,"column":2},"end":{"line":58,"column":null}},"7":{"start":{"line":47,"column":8},"end":{"line":56,"column":null}}},"fnMap":{"0":{"name":"(anonymous_0)","decl":{"start":{"line":29,"column":4},"end":{"line":29,"column":5}},"loc":{"start":{"line":30,"column":4},"end":{"line":32,"column":null}}},"1":{"name":"(anonymous_1)","decl":{"start":{"line":43,"column":15},"end":{"line":43,"column":16}},"loc":{"start":{"line":43,"column":64},"end":{"line":60,"column":null}}},"2":{"name":"(anonymous_2)","decl":{"start":{"line":46,"column":19},"end":{"line":46,"column":20}},"loc":{"start":{"line":47,"column":8},"end":{"line":56,"column":null}}}},"branchMap":{"0":{"loc":{"start":{"line":30,"column":4},"end":{"line":32,"column":null}},"type":"binary-expr","locations":[{"start":{"line":30,"column":4},"end":{"line":30,"column":null}},{"start":{"line":31,"column":4},"end":{"line":32,"column":null}}]},"1":{"loc":{"start":{"line":53,"column":13},"end":{"line":53,"column":null}},"type":"binary-expr","locations":[{"start":{"line":53,"column":13},"end":{"line":53,"column":49}},{"start":{"line":53,"column":49},"end":{"line":53,"column":null}}]}},"s":{"0":2,"1":2,"2":2,"3":0,"4":2,"5":2,"6":0,"7":0},"f":{"0":0,"1":0,"2":0},"b":{"0":[0,0],"1":[0,0]}}
,"/Users/emilyzhang/Desktop/ConnectedSpine/src/components/QuestionTypes/SingleButton.jsx": {"path":"/Users/emilyzhang/Desktop/ConnectedSpine/src/components/QuestionTypes/SingleButton.jsx","statementMap":{"0":{"start":{"line":3,"column":21},"end":{"line":19,"column":null}},"1":{"start":{"line":4,"column":2},"end":{"line":17,"column":null}},"2":{"start":{"line":7,"column":8},"end":{"line":15,"column":null}}},"fnMap":{"0":{"name":"(anonymous_0)","decl":{"start":{"line":3,"column":21},"end":{"line":3,"column":22}},"loc":{"start":{"line":3,"column":70},"end":{"line":19,"column":null}}},"1":{"name":"(anonymous_1)","decl":{"start":{"line":6,"column":19},"end":{"line":6,"column":20}},"loc":{"start":{"line":7,"column":8},"end":{"line":15,"column":null}}}},"branchMap":{},"s":{"0":2,"1":0,"2":0},"f":{"0":0,"1":0},"b":{}}
,"/Users/emilyzhang/Desktop/ConnectedSpine/src/components/Recommend/InfoCard.jsx": {"path":"/Users/emilyzhang/Desktop/ConnectedSpine/src/components/Recommend/InfoCard.jsx","statementMap":{"0":{"start":{"line":13,"column":13},"end":{"line":18,"column":null}},"1":{"start":{"line":22,"column":13},"end":{"line":28,"column":null}},"2":{"start":{"line":31,"column":16},"end":{"line":37,"column":null}},"3":{"start":{"line":43,"column":13},"end":{"line":54,"column":null}},"4":{"start":{"line":60,"column":17},"end":{"line":60,"column":null}},"5":{"start":{"line":70,"column":13},"end":{"line":70,"column":null}},"6":{"start":{"line":77,"column":15},"end":{"line":79,"column":null}},"7":{"start":{"line":95,"column":17},"end":{"line":118,"column":null}},"8":{"start":{"line":96,"column":36},"end":{"line":96,"column":null}},"9":{"start":{"line":97,"column":2},"end":{"line":116,"column":null}},"10":{"start":{"line":108,"column":29},"end":{"line":108,"column":49}}},"fnMap":{"0":{"name":"(anonymous_0)","decl":{"start":{"line":95,"column":17},"end":{"line":95,"column":18}},"loc":{"start":{"line":95,"column":53},"end":{"line":118,"column":null}}},"1":{"name":"(anonymous_1)","decl":{"start":{"line":108,"column":23},"end":{"line":108,"column":29}},"loc":{"start":{"line":108,"column":29},"end":{"line":108,"column":49}}}},"branchMap":{},"s":{"0":8,"1":8,"2":8,"3":8,"4":8,"5":8,"6":8,"7":8,"8":17,"9":17,"10":0},"f":{"0":17,"1":0},"b":{}}
,"/Users/emilyzhang/Desktop/ConnectedSpine/src/components/Recommend/Providers.jsx": {"path":"/Users/emilyzhang/Desktop/ConnectedSpine/src/components/Recommend/Providers.jsx","statementMap":{"0":{"start":{"line":23,"column":18},"end":{"line":126,"column":null}},"1":{"start":{"line":24,"column":15},"end":{"line":24,"column":null}},"2":{"start":{"line":25,"column":26},"end":{"line":25,"column":null}},"3":{"start":{"line":26,"column":20},"end":{"line":26,"column":null}},"4":{"start":{"line":27,"column":35},"end":{"line":27,"column":null}},"5":{"start":{"line":29,"column":20},"end":{"line":29,"column":null}},"6":{"start":{"line":30,"column":2},"end":{"line":32,"column":null}},"7":{"start":{"line":31,"column":4},"end":{"line":31,"column":null}},"8":{"start":{"line":34,"column":20},"end":{"line":34,"column":null}},"9":{"start":{"line":35,"column":2},"end":{"line":42,"column":null}},"10":{"start":{"line":41,"column":4},"end":{"line":41,"column":null}},"11":{"start":{"line":44,"column":2},"end":{"line":46,"column":null}},"12":{"start":{"line":45,"column":4},"end":{"line":45,"column":null}},"13":{"start":{"line":48,"column":2},"end":{"line":53,"column":null}},"14":{"start":{"line":52,"column":4},"end":{"line":52,"column":null}},"15":{"start":{"line":55,"column":2},"end":{"line":57,"column":null}},"16":{"start":{"line":56,"column":4},"end":{"line":56,"column":null}},"17":{"start":{"line":59,"column":2},"end":{"line":64,"column":null}},"18":{"start":{"line":63,"column":4},"end":{"line":63,"column":null}},"19":{"start":{"line":66,"column":2},"end":{"line":69,"column":null}},"20":{"start":{"line":71,"column":2},"end":{"line":124,"column":null}},"21":{"start":{"line":77,"column":10},"end":{"line":80,"column":null}},"22":{"start":{"line":88,"column":12},"end":{"line":106,"column":null}},"23":{"start":{"line":90,"column":16},"end":{"line":90,"column":null}},"24":{"start":{"line":91,"column":16},"end":{"line":91,"column":null}},"25":{"start":{"line":93,"column":16},"end":{"line":93,"column":null}},"26":{"start":{"line":94,"column":16},"end":{"line":94,"column":null}},"27":{"start":{"line":96,"column":16},"end":{"line":96,"column":null}},"28":{"start":{"line":97,"column":16},"end":{"line":97,"column":null}},"29":{"start":{"line":99,"column":16},"end":{"line":99,"column":null}},"30":{"start":{"line":100,"column":16},"end":{"line":100,"column":null}},"31":{"start":{"line":102,"column":16},"end":{"line":102,"column":null}},"32":{"start":{"line":103,"column":16},"end":{"line":103,"column":null}},"33":{"start":{"line":105,"column":16},"end":{"line":105,"column":null}},"34":{"start":{"line":107,"column":12},"end":{"line":113,"column":null}}},"fnMap":{"0":{"name":"(anonymous_0)","decl":{"start":{"line":23,"column":18},"end":{"line":23,"column":19}},"loc":{"start":{"line":23,"column":45},"end":{"line":126,"column":null}}},"1":{"name":"(anonymous_1)","decl":{"start":{"line":30,"column":18},"end":{"line":30,"column":19}},"loc":{"start":{"line":30,"column":29},"end":{"line":32,"column":3}}},"2":{"name":"(anonymous_2)","decl":{"start":{"line":76,"column":23},"end":{"line":76,"column":24}},"loc":{"start":{"line":77,"column":10},"end":{"line":80,"column":null}}},"3":{"name":"(anonymous_3)","decl":{"start":{"line":86,"column":25},"end":{"line":86,"column":26}},"loc":{"start":{"line":86,"column":39},"end":{"line":115,"column":11}}}},"branchMap":{"0":{"loc":{"start":{"line":35,"column":2},"end":{"line":42,"column":null}},"type":"if","locations":[{"start":{"line":35,"column":2},"end":{"line":42,"column":null}},{"start":{"line":35,"column":2},"end":{"line":42,"column":null}}]},"1":{"loc":{"start":{"line":36,"column":4},"end":{"line":39,"column":null}},"type":"binary-expr","locations":[{"start":{"line":36,"column":4},"end":{"line":36,"column":null}},{"start":{"line":37,"column":4},"end":{"line":37,"column":null}},{"start":{"line":38,"column":4},"end":{"line":38,"column":null}},{"start":{"line":39,"column":4},"end":{"line":39,"column":null}}]},"2":{"loc":{"start":{"line":44,"column":2},"end":{"line":46,"column":null}},"type":"if","locations":[{"start":{"line":44,"column":2},"end":{"line":46,"column":null}},{"start":{"line":44,"column":2},"end":{"line":46,"column":null}}]},"3":{"loc":{"start":{"line":48,"column":2},"end":{"line":53,"column":null}},"type":"if","locations":[{"start":{"line":48,"column":2},"end":{"line":53,"column":null}},{"start":{"line":48,"column":2},"end":{"line":53,"column":null}}]},"4":{"loc":{"start":{"line":49,"column":4},"end":{"line":50,"column":null}},"type":"binary-expr","locations":[{"start":{"line":49,"column":4},"end":{"line":49,"column":null}},{"start":{"line":50,"column":4},"end":{"line":50,"column":null}}]},"5":{"loc":{"start":{"line":55,"column":2},"end":{"line":57,"column":null}},"type":"if","locations":[{"start":{"line":55,"column":2},"end":{"line":57,"column":null}},{"start":{"line":55,"column":2},"end":{"line":57,"column":null}}]},"6":{"loc":{"start":{"line":59,"column":2},"end":{"line":64,"column":null}},"type":"if","locations":[{"start":{"line":59,"column":2},"end":{"line":64,"column":null}},{"start":{"line":59,"column":2},"end":{"line":64,"column":null}}]},"7":{"loc":{"start":{"line":60,"column":4},"end":{"line":61,"column":null}},"type":"binary-expr","locations":[{"start":{"line":60,"column":4},"end":{"line":60,"column":null}},{"start":{"line":61,"column":4},"end":{"line":61,"column":null}}]},"8":{"loc":{"start":{"line":79,"column":13},"end":{"line":79,"column":null}},"type":"binary-expr","locations":[{"start":{"line":79,"column":13},"end":{"line":79,"column":47}},{"start":{"line":79,"column":47},"end":{"line":79,"column":null}}]},"9":{"loc":{"start":{"line":88,"column":12},"end":{"line":106,"column":null}},"type":"switch","locations":[{"start":{"line":89,"column":14},"end":{"line":91,"column":null}},{"start":{"line":92,"column":14},"end":{"line":94,"column":null}},{"start":{"line":95,"column":14},"end":{"line":97,"column":null}},{"start":{"line":98,"column":14},"end":{"line":100,"column":null}},{"start":{"line":101,"column":14},"end":{"line":103,"column":null}},{"start":{"line":104,"column":14},"end":{"line":105,"column":null}}]}},"s":{"0":8,"1":8,"2":8,"3":8,"4":8,"5":8,"6":8,"7":19,"8":8,"9":8,"10":6,"11":8,"12":1,"13":8,"14":4,"15":8,"16":3,"17":8,"18":3,"19":8,"20":8,"21":19,"22":17,"23":6,"24":6,"25":1,"26":1,"27":4,"28":4,"29":3,"30":3,"31":3,"32":3,"33":0,"34":17},"f":{"0":8,"1":19,"2":19,"3":17},"b":{"0":[6,2],"1":[8,2,2,2],"2":[1,7],"3":[4,4],"4":[8,5],"5":[3,5],"6":[3,5],"7":[8,6],"8":[19,11],"9":[6,1,4,3,3,0]}}
,"/Users/emilyzhang/Desktop/ConnectedSpine/src/components/Recommend/styles.js": {"path":"/Users/emilyzhang/Desktop/ConnectedSpine/src/components/Recommend/styles.js","statementMap":{"0":{"start":{"line":3,"column":25},"end":{"line":7,"column":1}},"1":{"start":{"line":9,"column":24},"end":{"line":16,"column":1}},"2":{"start":{"line":18,"column":21},"end":{"line":23,"column":1}},"3":{"start":{"line":25,"column":29},"end":{"line":29,"column":1}},"4":{"start":{"line":31,"column":26},"end":{"line":42,"column":1}},"5":{"start":{"line":44,"column":21},"end":{"line":48,"column":1}},"6":{"start":{"line":50,"column":20},"end":{"line":69,"column":1}}},"fnMap":{},"branchMap":{},"s":{"0":8,"1":8,"2":8,"3":8,"4":8,"5":8,"6":8},"f":{},"b":{}}
,"/Users/emilyzhang/Desktop/ConnectedSpine/src/components/Sections/Home.jsx": {"path":"/Users/emilyzhang/Desktop/ConnectedSpine/src/components/Sections/Home.jsx","statementMap":{"0":{"start":{"line":13,"column":14},"end":{"line":13,"column":null}},"1":{"start":{"line":32,"column":21},"end":{"line":45,"column":null}},"2":{"start":{"line":53,"column":13},"end":{"line":53,"column":null}},"3":{"start":{"line":57,"column":13},"end":{"line":89,"column":null}},"4":{"start":{"line":58,"column":33},"end":{"line":58,"column":null}},"5":{"start":{"line":59,"column":24},"end":{"line":59,"column":null}},"6":{"start":{"line":60,"column":2},"end":{"line":87,"column":null}},"7":{"start":{"line":78,"column":14},"end":{"line":80,"column":null}}},"fnMap":{"0":{"name":"(anonymous_0)","decl":{"start":{"line":57,"column":13},"end":{"line":57,"column":19}},"loc":{"start":{"line":57,"column":19},"end":{"line":89,"column":null}}},"1":{"name":"(anonymous_1)","decl":{"start":{"line":77,"column":21},"end":{"line":77,"column":27}},"loc":{"start":{"line":77,"column":27},"end":{"line":81,"column":null}}}},"branchMap":{"0":{"loc":{"start":{"line":78,"column":14},"end":{"line":80,"column":null}},"type":"cond-expr","locations":[{"start":{"line":79,"column":18},"end":{"line":79,"column":null}},{"start":{"line":80,"column":18},"end":{"line":80,"column":null}}]}},"s":{"0":3,"1":3,"2":3,"3":3,"4":3,"5":3,"6":3,"7":0},"f":{"0":3,"1":0},"b":{"0":[0,0]}}
,"/Users/emilyzhang/Desktop/ConnectedSpine/src/components/Sections/Login.jsx": {"path":"/Users/emilyzhang/Desktop/ConnectedSpine/src/components/Sections/Login.jsx","statementMap":{"0":{"start":{"line":20,"column":14},"end":{"line":20,"column":null}},"1":{"start":{"line":27,"column":15},"end":{"line":27,"column":null}},"2":{"start":{"line":47,"column":14},"end":{"line":138,"column":null}},"3":{"start":{"line":48,"column":33},"end":{"line":48,"column":null}},"4":{"start":{"line":49,"column":27},"end":{"line":49,"column":null}},"5":{"start":{"line":50,"column":36},"end":{"line":50,"column":null}},"6":{"start":{"line":51,"column":28},"end":{"line":51,"column":null}},"7":{"start":{"line":52,"column":34},"end":{"line":52,"column":null}},"8":{"start":{"line":53,"column":42},"end":{"line":53,"column":null}},"9":{"start":{"line":54,"column":36},"end":{"line":54,"column":null}},"10":{"start":{"line":55,"column":28},"end":{"line":55,"column":null}},"11":{"start":{"line":56,"column":28},"end":{"line":56,"column":null}},"12":{"start":{"line":57,"column":36},"end":{"line":57,"column":null}},"13":{"start":{"line":59,"column":22},"end":{"line":81,"column":null}},"14":{"start":{"line":60,"column":4},"end":{"line":60,"column":null}},"15":{"start":{"line":62,"column":4},"end":{"line":80,"column":null}},"16":{"start":{"line":63,"column":29},"end":{"line":67,"column":null}},"17":{"start":{"line":68,"column":6},"end":{"line":68,"column":null}},"18":{"start":{"line":69,"column":6},"end":{"line":74,"column":null}},"19":{"start":{"line":70,"column":8},"end":{"line":70,"column":null}},"20":{"start":{"line":71,"column":8},"end":{"line":71,"column":null}},"21":{"start":{"line":73,"column":8},"end":{"line":73,"column":null}},"22":{"start":{"line":76,"column":6},"end":{"line":76,"column":null}},"23":{"start":{"line":77,"column":6},"end":{"line":77,"column":null}},"24":{"start":{"line":78,"column":6},"end":{"line":78,"column":null}},"25":{"start":{"line":79,"column":6},"end":{"line":79,"column":null}},"26":{"start":{"line":83,"column":2},"end":{"line":136,"column":null}},"27":{"start":{"line":98,"column":32},"end":{"line":98,"column":null}},"28":{"start":{"line":100,"column":35},"end":{"line":100,"column":null}},"29":{"start":{"line":102,"column":38},"end":{"line":102,"column":null}},"30":{"start":{"line":107,"column":31},"end":{"line":107,"column":51}},"31":{"start":{"line":119,"column":16},"end":{"line":119,"column":null}},"32":{"start":{"line":129,"column":14},"end":{"line":129,"column":null}}},"fnMap":{"0":{"name":"(anonymous_0)","decl":{"start":{"line":47,"column":14},"end":{"line":47,"column":20}},"loc":{"start":{"line":47,"column":20},"end":{"line":138,"column":null}}},"1":{"name":"(anonymous_1)","decl":{"start":{"line":59,"column":22},"end":{"line":59,"column":29}},"loc":{"start":{"line":59,"column":35},"end":{"line":81,"column":null}}},"2":{"name":"(anonymous_2)","decl":{"start":{"line":98,"column":25},"end":{"line":98,"column":26}},"loc":{"start":{"line":98,"column":32},"end":{"line":98,"column":null}}},"3":{"name":"(anonymous_3)","decl":{"start":{"line":100,"column":28},"end":{"line":100,"column":29}},"loc":{"start":{"line":100,"column":35},"end":{"line":100,"column":null}}},"4":{"name":"(anonymous_4)","decl":{"start":{"line":102,"column":32},"end":{"line":102,"column":38}},"loc":{"start":{"line":102,"column":38},"end":{"line":102,"column":null}}},"5":{"name":"(anonymous_5)","decl":{"start":{"line":107,"column":25},"end":{"line":107,"column":31}},"loc":{"start":{"line":107,"column":31},"end":{"line":107,"column":51}}},"6":{"name":"(anonymous_6)","decl":{"start":{"line":118,"column":23},"end":{"line":118,"column":29}},"loc":{"start":{"line":118,"column":29},"end":{"line":120,"column":null}}},"7":{"name":"(anonymous_7)","decl":{"start":{"line":128,"column":21},"end":{"line":128,"column":27}},"loc":{"start":{"line":128,"column":27},"end":{"line":130,"column":null}}}},"branchMap":{"0":{"loc":{"start":{"line":69,"column":6},"end":{"line":74,"column":null}},"type":"if","locations":[{"start":{"line":69,"column":6},"end":{"line":74,"column":null}},{"start":{"line":72,"column":12},"end":{"line":74,"column":null}}]}},"s":{"0":4,"1":4,"2":4,"3":1,"4":1,"5":1,"6":1,"7":1,"8":1,"9":1,"10":1,"11":1,"12":1,"13":1,"14":0,"15":0,"16":0,"17":0,"18":0,"19":0,"20":0,"21":0,"22":0,"23":0,"24":0,"25":0,"26":1,"27":0,"28":0,"29":0,"30":0,"31":0,"32":0},"f":{"0":1,"1":0,"2":0,"3":0,"4":0,"5":0,"6":0,"7":0},"b":{"0":[0,0]}}
,"/Users/emilyzhang/Desktop/ConnectedSpine/src/components/Sections/Profile.jsx": {"path":"/Users/emilyzhang/Desktop/ConnectedSpine/src/components/Sections/Profile.jsx","statementMap":{"0":{"start":{"line":16,"column":16},"end":{"line":16,"column":null}},"1":{"start":{"line":23,"column":13},"end":{"line":23,"column":null}},"2":{"start":{"line":30,"column":15},"end":{"line":30,"column":null}},"3":{"start":{"line":39,"column":16},"end":{"line":63,"column":null}},"4":{"start":{"line":40,"column":33},"end":{"line":40,"column":null}},"5":{"start":{"line":41,"column":15},"end":{"line":41,"column":null}},"6":{"start":{"line":43,"column":2},"end":{"line":61,"column":null}}},"fnMap":{"0":{"name":"(anonymous_0)","decl":{"start":{"line":39,"column":16},"end":{"line":39,"column":22}},"loc":{"start":{"line":39,"column":22},"end":{"line":63,"column":null}}}},"branchMap":{},"s":{"0":3,"1":3,"2":3,"3":3,"4":1,"5":1,"6":1},"f":{"0":1},"b":{}}
,"/Users/emilyzhang/Desktop/ConnectedSpine/src/components/Sections/Questionaire.jsx": {"path":"/Users/emilyzhang/Desktop/ConnectedSpine/src/components/Sections/Questionaire.jsx","statementMap":{"0":{"start":{"line":24,"column":16},"end":{"line":24,"column":null}},"1":{"start":{"line":31,"column":13},"end":{"line":31,"column":null}},"2":{"start":{"line":38,"column":15},"end":{"line":38,"column":null}},"3":{"start":{"line":47,"column":20},"end":{"line":47,"column":null}},"4":{"start":{"line":53,"column":25},"end":{"line":53,"column":null}},"5":{"start":{"line":59,"column":21},"end":{"line":306,"column":null}},"6":{"start":{"line":60,"column":42},"end":{"line":60,"column":null}},"7":{"start":{"line":61,"column":48},"end":{"line":61,"column":null}},"8":{"start":{"line":63,"column":32},"end":{"line":63,"column":null}},"9":{"start":{"line":65,"column":22},"end":{"line":65,"column":null}},"10":{"start":{"line":66,"column":15},"end":{"line":66,"column":null}},"11":{"start":{"line":67,"column":35},"end":{"line":67,"column":null}},"12":{"start":{"line":68,"column":39},"end":{"line":68,"column":null}},"13":{"start":{"line":71,"column":5},"end":{"line":75,"column":null}},"14":{"start":{"line":86,"column":6},"end":{"line":86,"column":null}},"15":{"start":{"line":88,"column":35},"end":{"line":117,"column":null}},"16":{"start":{"line":90,"column":16},"end":{"line":90,"column":null}},"17":{"start":{"line":91,"column":4},"end":{"line":115,"column":null}},"18":{"start":{"line":91,"column":17},"end":{"line":91,"column":38}},"19":{"start":{"line":92,"column":6},"end":{"line":114,"column":null}},"20":{"start":{"line":97,"column":8},"end":{"line":101,"column":null}},"21":{"start":{"line":98,"column":10},"end":{"line":98,"column":null}},"22":{"start":{"line":100,"column":10},"end":{"line":100,"column":null}},"23":{"start":{"line":102,"column":18},"end":{"line":102,"column":null}},"24":{"start":{"line":103,"column":8},"end":{"line":103,"column":null}},"25":{"start":{"line":104,"column":25},"end":{"line":104,"column":null}},"26":{"start":{"line":105,"column":8},"end":{"line":113,"column":null}},"27":{"start":{"line":105,"column":21},"end":{"line":105,"column":24}},"28":{"start":{"line":106,"column":10},"end":{"line":112,"column":null}},"29":{"start":{"line":107,"column":12},"end":{"line":107,"column":null}},"30":{"start":{"line":108,"column":12},"end":{"line":108,"column":null}},"31":{"start":{"line":110,"column":12},"end":{"line":110,"column":null}},"32":{"start":{"line":116,"column":4},"end":{"line":116,"column":null}},"33":{"start":{"line":119,"column":26},"end":{"line":151,"column":null}},"34":{"start":{"line":120,"column":4},"end":{"line":150,"column":null}},"35":{"start":{"line":121,"column":6},"end":{"line":121,"column":null}},"36":{"start":{"line":124,"column":24},"end":{"line":124,"column":null}},"37":{"start":{"line":125,"column":21},"end":{"line":125,"column":null}},"38":{"start":{"line":126,"column":6},"end":{"line":126,"column":null}},"39":{"start":{"line":128,"column":6},"end":{"line":133,"column":null}},"40":{"start":{"line":129,"column":8},"end":{"line":132,"column":null}},"41":{"start":{"line":130,"column":10},"end":{"line":130,"column":null}},"42":{"start":{"line":131,"column":10},"end":{"line":131,"column":null}},"43":{"start":{"line":135,"column":6},"end":{"line":149,"column":null}},"44":{"start":{"line":135,"column":19},"end":{"line":135,"column":22}},"45":{"start":{"line":136,"column":8},"end":{"line":148,"column":null}},"46":{"start":{"line":137,"column":32},"end":{"line":137,"column":null}},"47":{"start":{"line":138,"column":10},"end":{"line":147,"column":null}},"48":{"start":{"line":138,"column":23},"end":{"line":138,"column":26}},"49":{"start":{"line":139,"column":12},"end":{"line":146,"column":null}},"50":{"start":{"line":140,"column":14},"end":{"line":140,"column":null}},"51":{"start":{"line":141,"column":14},"end":{"line":141,"column":null}},"52":{"start":{"line":142,"column":14},"end":{"line":144,"column":null}},"53":{"start":{"line":143,"column":16},"end":{"line":143,"column":null}},"54":{"start":{"line":145,"column":14},"end":{"line":145,"column":null}},"55":{"start":{"line":153,"column":26},"end":{"line":213,"column":null}},"56":{"start":{"line":154,"column":4},"end":{"line":212,"column":null}},"57":{"start":{"line":162,"column":6},"end":{"line":168,"column":null}},"58":{"start":{"line":164,"column":18},"end":{"line":164,"column":null}},"59":{"start":{"line":167,"column":18},"end":{"line":167,"column":null}},"60":{"start":{"line":169,"column":28},"end":{"line":169,"column":null}},"61":{"start":{"line":170,"column":6},"end":{"line":170,"column":null}},"62":{"start":{"line":171,"column":6},"end":{"line":173,"column":null}},"63":{"start":{"line":172,"column":8},"end":{"line":172,"column":null}},"64":{"start":{"line":174,"column":6},"end":{"line":174,"column":null}},"65":{"start":{"line":175,"column":6},"end":{"line":175,"column":null}},"66":{"start":{"line":176,"column":4},"end":{"line":212,"column":null}},"67":{"start":{"line":178,"column":6},"end":{"line":178,"column":null}},"68":{"start":{"line":179,"column":6},"end":{"line":211,"column":null}},"69":{"start":{"line":184,"column":8},"end":{"line":188,"column":null}},"70":{"start":{"line":185,"column":20},"end":{"line":185,"column":null}},"71":{"start":{"line":187,"column":20},"end":{"line":187,"column":null}},"72":{"start":{"line":189,"column":30},"end":{"line":189,"column":null}},"73":{"start":{"line":190,"column":8},"end":{"line":190,"column":null}},"74":{"start":{"line":191,"column":8},"end":{"line":193,"column":null}},"75":{"start":{"line":192,"column":10},"end":{"line":192,"column":null}},"76":{"start":{"line":195,"column":22},"end":{"line":195,"column":null}},"77":{"start":{"line":196,"column":8},"end":{"line":196,"column":null}},"78":{"start":{"line":197,"column":8},"end":{"line":197,"column":null}},"79":{"start":{"line":198,"column":8},"end":{"line":198,"column":null}},"80":{"start":{"line":201,"column":18},"end":{"line":201,"column":null}},"81":{"start":{"line":202,"column":30},"end":{"line":202,"column":null}},"82":{"start":{"line":204,"column":8},"end":{"line":204,"column":null}},"83":{"start":{"line":205,"column":8},"end":{"line":207,"column":null}},"84":{"start":{"line":206,"column":10},"end":{"line":206,"column":null}},"85":{"start":{"line":209,"column":8},"end":{"line":209,"column":null}},"86":{"start":{"line":210,"column":8},"end":{"line":210,"column":null}},"87":{"start":{"line":215,"column":2},"end":{"line":229,"column":null}},"88":{"start":{"line":218,"column":6},"end":{"line":224,"column":null}},"89":{"start":{"line":220,"column":10},"end":{"line":220,"column":null}},"90":{"start":{"line":221,"column":10},"end":{"line":221,"column":null}},"91":{"start":{"line":223,"column":10},"end":{"line":223,"column":null}},"92":{"start":{"line":226,"column":6},"end":{"line":226,"column":null}},"93":{"start":{"line":231,"column":24},"end":{"line":256,"column":null}},"94":{"start":{"line":232,"column":20},"end":{"line":232,"column":null}},"95":{"start":{"line":233,"column":4},"end":{"line":245,"column":null}},"96":{"start":{"line":234,"column":6},"end":{"line":240,"column":null}},"97":{"start":{"line":235,"column":8},"end":{"line":235,"column":null}},"98":{"start":{"line":237,"column":8},"end":{"line":239,"column":null}},"99":{"start":{"line":238,"column":10},"end":{"line":238,"column":null}},"100":{"start":{"line":242,"column":6},"end":{"line":242,"column":null}},"101":{"start":{"line":244,"column":6},"end":{"line":244,"column":null}},"102":{"start":{"line":247,"column":4},"end":{"line":250,"column":null}},"103":{"start":{"line":252,"column":4},"end":{"line":255,"column":null}},"104":{"start":{"line":258,"column":2},"end":{"line":304,"column":null}}},"fnMap":{"0":{"name":"(anonymous_0)","decl":{"start":{"line":59,"column":21},"end":{"line":59,"column":22}},"loc":{"start":{"line":59,"column":35},"end":{"line":306,"column":null}}},"1":{"name":"(anonymous_1)","decl":{"start":{"line":88,"column":35},"end":{"line":88,"column":36}},"loc":{"start":{"line":88,"column":56},"end":{"line":117,"column":null}}},"2":{"name":"(anonymous_2)","decl":{"start":{"line":119,"column":26},"end":{"line":119,"column":32}},"loc":{"start":{"line":119,"column":32},"end":{"line":151,"column":null}}},"3":{"name":"(anonymous_3)","decl":{"start":{"line":153,"column":26},"end":{"line":153,"column":32}},"loc":{"start":{"line":153,"column":32},"end":{"line":213,"column":null}}},"4":{"name":"(anonymous_4)","decl":{"start":{"line":217,"column":4},"end":{"line":217,"column":5}},"loc":{"start":{"line":217,"column":15},"end":{"line":227,"column":null}}},"5":{"name":"(anonymous_5)","decl":{"start":{"line":231,"column":24},"end":{"line":231,"column":30}},"loc":{"start":{"line":231,"column":30},"end":{"line":256,"column":null}}}},"branchMap":{"0":{"loc":{"start":{"line":71,"column":5},"end":{"line":75,"column":null}},"type":"binary-expr","locations":[{"start":{"line":71,"column":5},"end":{"line":71,"column":null}},{"start":{"line":72,"column":6},"end":{"line":72,"column":null}},{"start":{"line":73,"column":6},"end":{"line":73,"column":null}},{"start":{"line":74,"column":5},"end":{"line":74,"column":null}},{"start":{"line":75,"column":6},"end":{"line":75,"column":null}}]},"1":{"loc":{"start":{"line":92,"column":6},"end":{"line":114,"column":null}},"type":"if","locations":[{"start":{"line":92,"column":6},"end":{"line":114,"column":null}},{"start":{"line":92,"column":6},"end":{"line":114,"column":null}}]},"2":{"loc":{"start":{"line":93,"column":8},"end":{"line":94,"column":null}},"type":"binary-expr","locations":[{"start":{"line":93,"column":8},"end":{"line":93,"column":null}},{"start":{"line":94,"column":8},"end":{"line":94,"column":null}}]},"3":{"loc":{"start":{"line":97,"column":8},"end":{"line":101,"column":null}},"type":"if","locations":[{"start":{"line":97,"column":8},"end":{"line":101,"column":null}},{"start":{"line":99,"column":15},"end":{"line":101,"column":null}}]},"4":{"loc":{"start":{"line":106,"column":10},"end":{"line":112,"column":null}},"type":"if","locations":[{"start":{"line":106,"column":10},"end":{"line":112,"column":null}},{"start":{"line":109,"column":17},"end":{"line":112,"column":null}}]},"5":{"loc":{"start":{"line":
[...]
null}},"15":{"start":{"line":75,"column":36},"end":{"line":75,"column":null}},"16":{"start":{"line":77,"column":23},"end":{"line":119,"column":null}},"17":{"start":{"line":78,"column":4},"end":{"line":78,"column":null}},"18":{"start":{"line":79,"column":4},"end":{"line":118,"column":null}},"19":{"start":{"line":80,"column":29},"end":{"line":84,"column":null}},"20":{"start":{"line":85,"column":6},"end":{"line":85,"column":null}},"21":{"start":{"line":87,"column":6},"end":{"line":117,"column":null}},"22":{"start":{"line":89,"column":10},"end":{"line":89,"column":null}},"23":{"start":{"line":90,"column":10},"end":{"line":92,"column":null}},"24":{"start":{"line":93,"column":10},"end":{"line":93,"column":null}},"25":{"start":{"line":94,"column":10},"end":{"line":94,"column":null}},"26":{"start":{"line":96,"column":10},"end":{"line":96,"column":null}},"27":{"start":{"line":97,"column":10},"end":{"line":97,"column":null}},"28":{"start":{"line":98,"column":10},"end":{"line":98,"column":null}},"29":{"start":{"line":99,"column":10},"end":{"line":99,"column":null}},"30":{"start":{"line":101,"column":10},"end":{"line":101,"column":null}},"31":{"start":{"line":102,"column":10},"end":{"line":102,"column":null}},"32":{"start":{"line":103,"column":10},"end":{"line":103,"column":null}},"33":{"start":{"line":104,"column":10},"end":{"line":104,"column":null}},"34":{"start":{"line":106,"column":10},"end":{"line":106,"column":null}},"35":{"start":{"line":107,"column":10},"end":{"line":109,"column":null}},"36":{"start":{"line":110,"column":10},"end":{"line":110,"column":null}},"37":{"start":{"line":111,"column":10},"end":{"line":111,"column":null}},"38":{"start":{"line":113,"column":9},"end":{"line":113,"column":null}},"39":{"start":{"line":114,"column":9},"end":{"line":114,"column":null}},"40":{"start":{"line":115,"column":9},"end":{"line":115,"column":null}},"41":{"start":{"line":116,"column":10},"end":{"line":116,"column":null}},"42":{"start":{"line":121,"column":2},"end":{"line":180,"column":null}},"43":{"start":{"line":131,"column":16},"end":{"line":131,"column":null}},"44":{"start":{"line":140,"column":32},"end":{"line":140,"column":null}},"45":{"start":{"line":142,"column":35},"end":{"line":142,"column":null}},"46":{"start":{"line":144,"column":38},"end":{"line":144,"column":null}},"47":{"start":{"line":155,"column":33},"end":{"line":155,"column":53}},"48":{"start":{"line":157,"column":33},"end":{"line":157,"column":55}}},"fnMap":{"0":{"name":"(anonymous_0)","decl":{"start":{"line":66,"column":15},"end":{"line":66,"column":21}},"loc":{"start":{"line":66,"column":21},"end":{"line":182,"column":null}}},"1":{"name":"(anonymous_1)","decl":{"start":{"line":77,"column":23},"end":{"line":77,"column":30}},"loc":{"start":{"line":77,"column":36},"end":{"line":119,"column":null}}},"2":{"name":"(anonymous_2)","decl":{"start":{"line":130,"column":23},"end":{"line":130,"column":29}},"loc":{"start":{"line":130,"column":29},"end":{"line":132,"column":null}}},"3":{"name":"(anonymous_3)","decl":{"start":{"line":140,"column":25},"end":{"line":140,"column":26}},"loc":{"start":{"line":140,"column":32},"end":{"line":140,"column":null}}},"4":{"name":"(anonymous_4)","decl":{"start":{"line":142,"column":28},"end":{"line":142,"column":29}},"loc":{"start":{"line":142,"column":35},"end":{"line":142,"column":null}}},"5":{"name":"(anonymous_5)","decl":{"start":{"line":144,"column":32},"end":{"line":144,"column":38}},"loc":{"start":{"line":144,"column":38},"end":{"line":144,"column":null}}},"6":{"name":"(anonymous_6)","decl":{"start":{"line":155,"column":27},"end":{"line":155,"column":33}},"loc":{"start":{"line":155,"column":33},"end":{"line":155,"column":53}}},"7":{"name":"(anonymous_7)","decl":{"start":{"line":157,"column":27},"end":{"line":157,"column":33}},"loc":{"start":{"line":157,"column":33},"end":{"line":157,"column":55}}}},"branchMap":{"0":{"loc":{"start":{"line":87,"column":6},"end":{"line":117,"column":null}},"type":"switch","locations":[{"start":{"line":88,"column":8},"end":{"line":94,"column":null}},{"start":{"line":95,"column":8},"end":{"line":99,"column":null}},{"start":{"line":100,"column":8},"end":{"line":104,"column":null}},{"start":{"line":105,"column":8},"end":{"line":111,"column":null}},{"start":{"line":112,"column":8},"end":{"line":116,"column":null}}]}},"s":{"0":2,"1":2,"2":2,"3":2,"4":2,"5":2,"6":2,"7":0,"8":0,"9":0,"10":0,"11":0,"12":0,"13":0,"14":0,"15":0,"16":0,"17":0,"18":0,"19":0,"20":0,"21":0,"22":0,"23":0,"24":0,"25":0,"26":0,"27":0,"28":0,"29":0,"30":0,"31":0,"32":0,"33":0,"34":0,"35":0,"36":0,"37":0,"38":0,"39":0,"40":0,"41":0,"42":0,"43":0,"44":0,"45":0,"46":0,"47":0,"48":0},"f":{"0":0,"1":0,"2":0,"3":0,"4":0,"5":0,"6":0,"7":0},"b":{"0":[0,0,0,0,0]}}
,"/Users/emilyzhang/Desktop/ConnectedSpine/src/components/Sections/ZipCode.jsx": {"path":"/Users/emilyzhang/Desktop/ConnectedSpine/src/components/Sections/ZipCode.jsx","statementMap":{"0":{"start":{"line":12,"column":19},"end":{"line":12,"column":null}},"1":{"start":{"line":14,"column":14},"end":{"line":14,"column":null}},"2":{"start":{"line":21,"column":13},"end":{"line":21,"column":null}},"3":{"start":{"line":28,"column":14},"end":{"line":35,"column":null}},"4":{"start":{"line":44,"column":13},"end":{"line":44,"column":null}},"5":{"start":{"line":47,"column":2},"end":{"line":47,"column":null}},"6":{"start":{"line":50,"column":16},"end":{"line":126,"column":null}},"7":{"start":{"line":51,"column":33},"end":{"line":51,"column":null}},"8":{"start":{"line":52,"column":34},"end":{"line":52,"column":null}},"9":{"start":{"line":53,"column":34},"end":{"line":53,"column":null}},"10":{"start":{"line":54,"column":32},"end":{"line":54,"column":null}},"11":{"start":{"line":55,"column":36},"end":{"line":55,"column":null}},"12":{"start":{"line":57,"column":15},"end":{"line":57,"column":null}},"13":{"start":{"line":59,"column":2},"end":{"line":61,"column":null}},"14":{"start":{"line":60,"column":4},"end":{"line":60,"column":null}},"15":{"start":{"line":63,"column":30},"end":{"line":67,"column":null}},"16":{"start":{"line":64,"column":16},"end":{"line":64,"column":null}},"17":{"start":{"line":65,"column":4},"end":{"line":65,"column":null}},"18":{"start":{"line":66,"column":4},"end":{"line":66,"column":null}},"19":{"start":{"line":69,"column":26},"end":{"line":76,"column":null}},"20":{"start":{"line":70,"column":4},"end":{"line":75,"column":null}},"21":{"start":{"line":71,"column":28},"end":{"line":71,"column":null}},"22":{"start":{"line":72,"column":6},"end":{"line":72,"column":null}},"23":{"start":{"line":73,"column":6},"end":{"line":73,"column":null}},"24":{"start":{"line":74,"column":6},"end":{"line":74,"column":null}},"25":{"start":{"line":78,"column":2},"end":{"line":86,"column":null}},"26":{"start":{"line":80,"column":4},"end":{"line":85,"column":null}},"27":{"start":{"line":81,"column":29},"end":{"line":81,"column":null}},"28":{"start":{"line":82,"column":6},"end":{"line":82,"column":null}},"29":{"start":{"line":84,"column":6},"end":{"line":84,"column":null}},"30":{"start":{"line":88,"column":2},"end":{"line":124,"column":null}},"31":{"start":{"line":117,"column":29},"end":{"line":117,"column":49}}},"fnMap":{"0":{"name":"isValidUSZip","decl":{"start":{"line":46,"column":9},"end":{"line":46,"column":22}},"loc":{"start":{"line":46,"column":27},"end":{"line":48,"column":null}}},"1":{"name":"(anonymous_1)","decl":{"start":{"line":50,"column":16},"end":{"line":50,"column":22}},"loc":{"start":{"line":50,"column":22},"end":{"line":126,"column":null}}},"2":{"name":"(anonymous_2)","decl":{"start":{"line":63,"column":30},"end":{"line":63,"column":31}},"loc":{"start":{"line":63,"column":41},"end":{"line":67,"column":null}}},"3":{"name":"(anonymous_3)","decl":{"start":{"line":69,"column":26},"end":{"line":69,"column":32}},"loc":{"start":{"line":69,"column":32},"end":{"line":76,"column":null}}},"4":{"name":"(anonymous_4)","decl":{"start":{"line":78,"column":12},"end":{"line":78,"column":18}},"loc":{"start":{"line":78,"column":18},"end":{"line":86,"column":5}}},"5":{"name":"(anonymous_5)","decl":{"start":{"line":117,"column":23},"end":{"line":117,"column":29}},"loc":{"start":{"line":117,"column":29},"end":{"line":117,"column":49}}}},"branchMap":{"0":{"loc":{"start":{"line":59,"column":2},"end":{"line":61,"column":null}},"type":"if","locations":[{"start":{"line":59,"column":2},"end":{"line":61,"column":null}},{"start":{"line":59,"column":2},"end":{"line":61,"column":null}}]},"1":{"loc":{"start":{"line":70,"column":4},"end":{"line":75,"column":null}},"type":"if","locations":[{"start":{"line":70,"column":4},"end":{"line":75,"column":null}},{"start":{"line":70,"column":4},"end":{"line":75,"column":null}}]},"2":{"loc":{"start":{"line":80,"column":4},"end":{"line":85,"column":null}},"type":"if","locations":[{"start":{"line":80,"column":4},"end":{"line":85,"column":null}},{"start":{"line":80,"column":4},"end":{"line":85,"column":null}}]},"3":{"loc":{"start":{"line":106,"column":21},"end":{"line":106,"column":null}},"type":"cond-expr","locations":[{"start":{"line":106,"column":31},"end":{"line":106,"column":43}},{"start":{"line":106,"column":43},"end":{"line":106,"column":null}}]},"4":{"loc":{"start":{"line":110,"column":13},"end":{"line":113,"column":null}},"type":"cond-expr","locations":[{"start":{"line":111,"column":14},"end":{"line":111,"column":null}},{"start":{"line":113,"column":14},"end":{"line":113,"column":null}}]}},"s":{"0":3,"1":3,"2":3,"3":3,"4":3,"5":0,"6":3,"7":2,"8":2,"9":2,"10":2,"11":2,"12":2,"13":2,"14":0,"15":2,"16":0,"17":0,"18":0,"19":2,"20":0,"21":0,"22":0,"23":0,"24":0,"25":2,"26":1,"27":1,"28":1,"29":1,"30":2,"31":0},"f":{"0":0,"1":2,"2":0,"3":0,"4":1,"5":0},"b":{"0":[0,2],"1":[0,0],"2":[1,0],"3":[2,0],"4":[2,0]}}
,"/Users/emilyzhang/Desktop/ConnectedSpine/src/helpers/Contexts.jsx": {"path":"/Users/emilyzhang/Desktop/ConnectedSpine/src/helpers/Contexts.jsx","statementMap":{"0":{"start":{"line":3,"column":26},"end":{"line":3,"column":null}}},"fnMap":{},"branchMap":{},"s":{"0":12},"f":{},"b":{}}
,"/Users/emilyzhang/Desktop/ConnectedSpine/src/helpers/Explanations.jsx": {"path":"/Users/emilyzhang/Desktop/ConnectedSpine/src/helpers/Explanations.jsx","statementMap":{"0":{"start":{"line":1,"column":29},"end":{"line":1,"column":null}},"1":{"start":{"line":3,"column":21},"end":{"line":3,"column":null}},"2":{"start":{"line":5,"column":23},"end":{"line":5,"column":null}},"3":{"start":{"line":7,"column":30},"end":{"line":7,"column":null}},"4":{"start":{"line":9,"column":26},"end":{"line":9,"column":null}}},"fnMap":{},"branchMap":{},"s":{"0":6,"1":6,"2":6,"3":6,"4":6},"f":{},"b":{}}
,"/Users/emilyzhang/Desktop/ConnectedSpine/src/helpers/Loading.jsx": {"path":"/Users/emilyzhang/Desktop/ConnectedSpine/src/helpers/Loading.jsx","statementMap":{"0":{"start":{"line":5,"column":16},"end":{"line":5,"column":null}},"1":{"start":{"line":10,"column":14},"end":{"line":10,"column":null}},"2":{"start":{"line":20,"column":17},"end":{"line":20,"column":null}},"3":{"start":{"line":27,"column":20},"end":{"line":51,"column":null}},"4":{"start":{"line":28,"column":26},"end":{"line":28,"column":null}},"5":{"start":{"line":30,"column":2},"end":{"line":43,"column":null}},"6":{"start":{"line":31,"column":21},"end":{"line":39,"column":null}},"7":{"start":{"line":32,"column":6},"end":{"line":38,"column":null}},"8":{"start":{"line":33,"column":8},"end":{"line":37,"column":null}},"9":{"start":{"line":34,"column":10},"end":{"line":34,"column":null}},"10":{"start":{"line":36,"column":10},"end":{"line":36,"column":null}},"11":{"start":{"line":40,"column":4},"end":{"line":42,"column":null}},"12":{"start":{"line":41,"column":6},"end":{"line":41,"column":null}},"13":{"start":{"line":45,"column":2},"end":{"line":49,"column":null}},"14":{"start":{"line":53,"column":16},"end":{"line":62,"column":null}},"15":{"start":{"line":54,"column":2},"end":{"line":60,"column":null}}},"fnMap":{"0":{"name":"(anonymous_0)","decl":{"start":{"line":27,"column":20},"end":{"line":27,"column":26}},"loc":{"start":{"line":27,"column":26},"end":{"line":51,"column":null}}},"1":{"name":"(anonymous_1)","decl":{"start":{"line":30,"column":12},"end":{"line":30,"column":18}},"loc":{"start":{"line":30,"column":18},"end":{"line":43,"column":5}}},"2":{"name":"(anonymous_2)","decl":{"start":{"line":31,"column":33},"end":{"line":31,"column":39}},"loc":{"start":{"line":31,"column":39},"end":{"line":39,"column":7}}},"3":{"name":"(anonymous_3)","decl":{"start":{"line":32,"column":14},"end":{"line":32,"column":15}},"loc":{"start":{"line":32,"column":28},"end":{"line":38,"column":7}}},"4":{"name":"(anonymous_4)","decl":{"start":{"line":40,"column":11},"end":{"line":40,"column":17}},"loc":{"start":{"line":40,"column":17},"end":{"line":42,"column":null}}},"5":{"name":"(anonymous_5)","decl":{"start":{"line":53,"column":16},"end":{"line":53,"column":22}},"loc":{"start":{"line":53,"column":22},"end":{"line":62,"column":null}}}},"branchMap":{"0":{"loc":{"start":{"line":33,"column":8},"end":{"line":37,"column":null}},"type":"if","locations":[{"start":{"line":33,"column":8},"end":{"line":37,"column":null}},{"start":{"line":35,"column":15},"end":{"line":37,"column":null}}]}},"s":{"0":2,"1":2,"2":2,"3":2,"4":0,"5":0,"6":0,"7":0,"8":0,"9":0,"10":0,"11":0,"12":0,"13":0,"14":2,"15":0},"f":{"0":0,"1":0,"2":0,"3":0,"4":0,"5":0},"b":{"0":[0,0]}}
,"/Users/emilyzhang/Desktop/ConnectedSpine/src/helpers/ProgressDots.jsx": {"path":"/Users/emilyzhang/Desktop/ConnectedSpine/src/helpers/ProgressDots.jsx","statementMap":{"0":{"start":{"line":3,"column":21},"end":{"line":34,"column":null}},"1":{"start":{"line":4,"column":15},"end":{"line":4,"column":null}},"2":{"start":{"line":6,"column":21},"end":{"line":19,"column":null}},"3":{"start":{"line":7,"column":4},"end":{"line":18,"column":null}},"4":{"start":{"line":8,"column":6},"end":{"line":17,"column":null}},"5":{"start":{"line":21,"column":2},"end":{"line":32,"column":null}}},"fnMap":{"0":{"name":"(anonymous_0)","decl":{"start":{"line":3,"column":21},"end":{"line":3,"column":22}},"loc":{"start":{"line":3,"column":42},"end":{"line":34,"column":null}}},"1":{"name":"(anonymous_1)","decl":{"start":{"line":6,"column":21},"end":{"line":6,"column":27}},"loc":{"start":{"line":6,"column":27},"end":{"line":19,"column":null}}},"2":{"name":"(anonymous_2)","decl":{"start":{"line":7,"column":20},"end":{"line":7,"column":21}},"loc":{"start":{"line":8,"column":6},"end":{"line":17,"column":null}}}},"branchMap":{"0":{"loc":{"start":{"line":13,"column":17},"end":{"line":13,"column":null}},"type":"cond-expr","locations":[{"start":{"line":13,"column":41},"end":{"line":13,"column":50}},{"start":{"line":13,"column":50},"end":{"line":13,"column":null}}]}},"s":{"0":2,"1":0,"2":0,"3":0,"4":0,"5":0},"f":{"0":0,"1":0,"2":0},"b":{"0":[0,0]}}
,"/Users/emilyzhang/Desktop/ConnectedSpine/src/helpers/Questions.jsx": {"path":"/Users/emilyzhang/Desktop/ConnectedSpine/src/helpers/Questions.jsx","statementMap":{"0":{"start":{"line":5,"column":18},"end":{"line":321,"column":null}}},"fnMap":{},"branchMap":{},"s":{"0":2},"f":{},"b":{}}
,"/Users/emilyzhang/Desktop/ConnectedSpine/src/helpers/RecommendedDetails.jsx": {"path":"/Users/emilyzhang/Desktop/ConnectedSpine/src/helpers/RecommendedDetails.jsx","statementMap":{"0":{"start":{"line":2,"column":29},"end":{"line":11,"column":null}},"1":{"start":{"line":13,"column":31},"end":{"line":24,"column":null}}},"fnMap":{},"branchMap":{},"s":{"0":8,"1":8},"f":{},"b":{}}
,"/Users/emilyzhang/Desktop/ConnectedSpine/src/utilities/firebase.js": {"path":"/Users/emilyzhang/Desktop/ConnectedSpine/src/utilities/firebase.js","statementMap":{"0":{"start":{"line":12,"column":23},"end":{"line":20,"column":1}},"1":{"start":{"line":23,"column":12},"end":{"line":23,"column":41}},"2":{"start":{"line":24,"column":17},"end":{"line":24,"column":33}},"3":{"start":{"line":25,"column":20},"end":{"line":25,"column":32}},"4":{"start":{"line":26,"column":18},"end":{"line":26,"column":35}},"5":{"start":{"line":28,"column":25},"end":{"line":41,"column":1}},"6":{"start":{"line":29,"column":26},"end":{"line":29,"column":36}},"7":{"start":{"line":30,"column":28},"end":{"line":30,"column":42}},"8":{"start":{"line":32,"column":2},"end":{"line":38,"column":15}},"9":{"start":{"line":33,"column":4},"end":{"line":37,"column":6}},"10":{"start":{"line":34,"column":5},"end":{"line":34,"column":31}},"11":{"start":{"line":36,"column":6},"end":{"line":36,"column":22}},"12":{"start":{"line":40,"column":2},"end":{"line":40,"column":25}},"13":{"start":{"line":43,"column":19},"end":{"line":47,"column":1}},"14":{"start":{"line":44,"column":20},"end":{"line":44,"column":30}},"15":{"start":{"line":45,"column":18},"end":{"line":45,"column":86}},"16":{"start":{"line":46,"column":2},"end":{"line":46,"column":39}},"17":{"start":{"line":49,"column":27},"end":{"line":58,"column":1}},"18":{"start":{"line":50,"column":30},"end":{"line":50,"column":40}},"19":{"start":{"line":51,"column":21},"end":{"line":55,"column":22}},"20":{"start":{"line":52,"column":6},"end":{"line":54,"column":53}},"21":{"start":{"line":53,"column":18},"end":{"line":53,"column":41}},"22":{"start":{"line":54,"column":24},"end":{"line":54,"column":52}},"23":{"start":{"line":57,"column":2},"end":{"line":57,"column":30}},"24":{"start":{"line":60,"column":28},"end":{"line":68,"column":1}},"25":{"start":{"line":61,"column":26},"end":{"line":61,"column":36}},"26":{"start":{"line":63,"column":2},"end":{"line":65,"column":9}},"27":{"start":{"line":64,"column":4},"end":{"line":64,"column":45}},"28":{"start":{"line":67,"column":2},"end":{"line":67,"column":16}}},"fnMap":{"0":{"name":"(anonymous_0)","decl":{"start":{"line":28,"column":25},"end":{"line":28,"column":26}},"loc":{"start":{"line":28,"column":35},"end":{"line":41,"column":1}}},"1":{"name":"(anonymous_1)","decl":{"start":{"line":32,"column":12},"end":{"line":32,"column":13}},"loc":{"start":{"line":33,"column":4},"end":{"line":37,"column":6}}},"2":{"name":"(anonymous_2)","decl":{"start":{"line":33,"column":33},"end":{"line":33,"column":34}},"loc":{"start":{"line":33,"column":47},"end":{"line":35,"column":5}}},"3":{"name":"(anonymous_3)","decl":{"start":{"line":35,"column":7},"end":{"line":35,"column":8}},"loc":{"start":{"line":35,"column":18},"end":{"line":37,"column":5}}},"4":{"name":"(anonymous_4)","decl":{"start":{"line":43,"column":19},"end":{"line":43,"column":20}},"loc":{"start":{"line":43,"column":30},"end":{"line":47,"column":1}}},"5":{"name":"(anonymous_5)","decl":{"start":{"line":49,"column":27},"end":{"line":49,"column":28}},"loc":{"start":{"line":49,"column":37},"end":{"line":58,"column":1}}},"6":{"name":"(anonymous_6)","decl":{"start":{"line":51,"column":33},"end":{"line":51,"column":34}},"loc":{"start":{"line":51,"column":44},"end":{"line":55,"column":3}}},"7":{"name":"(anonymous_7)","decl":{"start":{"line":53,"column":12},"end":{"line":53,"column":13}},"loc":{"start":{"line":53,"column":18},"end":{"line":53,"column":41}}},"8":{"name":"(anonymous_8)","decl":{"start":{"line":54,"column":13},"end":{"line":54,"column":14}},"loc":{"start":{"line":54,"column":24},"end":{"line":54,"column":52}}},"9":{"name":"(anonymous_9)","decl":{"start":{"line":60,"column":28},"end":{"line":60,"column":29}},"loc":{"start":{"line":60,"column":34},"end":{"line":68,"column":1}}},"10":{"name":"(anonymous_10)","decl":{"start":{"line":63,"column":12},"end":{"line":63,"column":13}},"loc":{"start":{"line":64,"column":4},"end":{"line":64,"column":45}}}},"branchMap":{"0":{"loc":{"start":{"line":45,"column":18},"end":{"line":45,"column":86}},"type":"binary-expr","locations":[{"start":{"line":45,"column":18},"end":{"line":45,"column":32}},{"start":{"line":45,"column":36},"end":{"line":45,"column":86}}]}},"s":{"0":10,"1":10,"2":10,"3":10,"4":10,"5":10,"6":0,"7":0,"8":0,"9":0,"10":0,"11":0,"12":0,"13":10,"14":0,"15":0,"16":0,"17":10,"18":31,"19":31,"20":8,"21":0,"22":0,"23":31,"24":10,"25":0,"26":0,"27":0,"28":0},"f":{"0":0,"1":0,"2":0,"3":0,"4":0,"5":31,"6":8,"7":0,"8":0,"9":0,"10":0},"b":{"0":[0,0]}}
}
